2021-03-28 22:04:39.191  INFO 11064 --- [main] io.hari.demo.DemoApplication             : Starting DemoApplication using Java 1.8.0_281 on MSI with PID 11064 (C:\Users\Hariom Yadav\Desktop\demo\book-my-show\target\classes started by Hariom Yadav in C:\Users\Hariom Yadav\Desktop\demo\book-my-show)
2021-03-28 22:04:39.204  INFO 11064 --- [main] io.hari.demo.DemoApplication             : The following profiles are active: prod
2021-03-28 22:04:40.309  INFO 11064 --- [main] .s.d.r.c.RepositoryConfigurationDelegate : Bootstrapping Spring Data JPA repositories in DEFAULT mode.
2021-03-28 22:04:40.392  INFO 11064 --- [main] .s.d.r.c.RepositoryConfigurationDelegate : Finished Spring Data repository scanning in 74 ms. Found 8 JPA repository interfaces.
2021-03-28 22:04:40.968  INFO 11064 --- [main] o.s.b.w.embedded.tomcat.TomcatWebServer  : Tomcat initialized with port(s): 8080 (http)
2021-03-28 22:04:40.978  INFO 11064 --- [main] o.apache.catalina.core.StandardService   : Starting service [Tomcat]
2021-03-28 22:04:40.979  INFO 11064 --- [main] org.apache.catalina.core.StandardEngine  : Starting Servlet engine: [Apache Tomcat/9.0.43]
2021-03-28 22:04:41.084  INFO 11064 --- [main] o.a.c.c.C.[Tomcat].[localhost].[/]       : Initializing Spring embedded WebApplicationContext
2021-03-28 22:04:41.084  INFO 11064 --- [main] w.s.c.ServletWebServerApplicationContext : Root WebApplicationContext: initialization completed in 1699 ms
2021-03-28 22:04:41.274  INFO 11064 --- [main] o.hibernate.jpa.internal.util.LogHelper  : HHH000204: Processing PersistenceUnitInfo [name: default]
2021-03-28 22:04:41.352  INFO 11064 --- [main] org.hibernate.Version                    : HHH000412: Hibernate ORM core version 5.4.28.Final
2021-03-28 22:04:41.605  INFO 11064 --- [main] o.hibernate.annotations.common.Version   : HCANN000001: Hibernate Commons Annotations {5.1.2.Final}
2021-03-28 22:04:41.768  INFO 11064 --- [main] com.zaxxer.hikari.HikariDataSource       : HikariPool-1 - Starting...
2021-03-28 22:04:42.745  INFO 11064 --- [main] com.zaxxer.hikari.HikariDataSource       : HikariPool-1 - Start completed.
2021-03-28 22:04:42.771  INFO 11064 --- [main] org.hibernate.dialect.Dialect            : HHH000400: Using dialect: org.hibernate.dialect.MySQL5Dialect
2021-03-28 22:04:43.255  WARN 11064 --- [main] o.h.t.d.java.JavaTypeDescriptorRegistry  : HHH000481: Encountered Java type [class io.hari.demo.entity.MovieAttribute] for which we could not locate a JavaTypeDescriptor and which does not appear to implement equals and/or hashCode.  This can lead to significant performance problems when performing equality/dirty checking involving this Java type.  Consider registering a custom JavaTypeDescriptor or at least implementing equals/hashCode.
2021-03-28 22:04:43.261  WARN 11064 --- [main] o.h.t.d.java.JavaTypeDescriptorRegistry  : HHH000481: Encountered Java type [class io.hari.demo.entity.WeekDay] for which we could not locate a JavaTypeDescriptor and which does not appear to implement equals and/or hashCode.  This can lead to significant performance problems when performing equality/dirty checking involving this Java type.  Consider registering a custom JavaTypeDescriptor or at least implementing equals/hashCode.
2021-03-28 22:04:44.670  INFO 11064 --- [main] o.h.e.t.j.p.i.JtaPlatformInitiator       : HHH000490: Using JtaPlatform implementation: [org.hibernate.engine.transaction.jta.platform.internal.NoJtaPlatform]
2021-03-28 22:04:44.679  INFO 11064 --- [main] j.LocalContainerEntityManagerFactoryBean : Initialized JPA EntityManagerFactory for persistence unit 'default'
2021-03-28 22:04:45.510  WARN 11064 --- [main] JpaBaseConfiguration$JpaWebConfiguration : spring.jpa.open-in-view is enabled by default. Therefore, database queries may be performed during view rendering. Explicitly configure spring.jpa.open-in-view to disable this warning
2021-03-28 22:04:46.212  INFO 11064 --- [main] o.s.s.concurrent.ThreadPoolTaskExecutor  : Initializing ExecutorService 'applicationTaskExecutor'
2021-03-28 22:04:46.783  INFO 11064 --- [main] org.quartz.impl.StdSchedulerFactory      : Using default implementation for ThreadExecutor
2021-03-28 22:04:46.798  INFO 11064 --- [main] org.quartz.core.SchedulerSignalerImpl    : Initialized Scheduler Signaller of type: class org.quartz.core.SchedulerSignalerImpl
2021-03-28 22:04:46.798  INFO 11064 --- [main] org.quartz.core.QuartzScheduler          : Quartz Scheduler v.2.3.2 created.
2021-03-28 22:04:46.799  INFO 11064 --- [main] org.quartz.simpl.RAMJobStore             : RAMJobStore initialized.
2021-03-28 22:04:46.800  INFO 11064 --- [main] org.quartz.core.QuartzScheduler          : Scheduler meta-data: Quartz Scheduler (v2.3.2) 'quartzScheduler' with instanceId 'NON_CLUSTERED'
  Scheduler class: 'org.quartz.core.QuartzScheduler' - running locally.
  NOT STARTED.
  Currently in standby mode.
  Number of jobs executed: 0
  Using thread pool 'org.quartz.simpl.SimpleThreadPool' - with 10 threads.
  Using job-store 'org.quartz.simpl.RAMJobStore' - which does not support persistence. and is not clustered.

2021-03-28 22:04:46.800  INFO 11064 --- [main] org.quartz.impl.StdSchedulerFactory      : Quartz scheduler 'quartzScheduler' initialized from an externally provided properties instance.
2021-03-28 22:04:46.800  INFO 11064 --- [main] org.quartz.impl.StdSchedulerFactory      : Quartz scheduler version: 2.3.2
2021-03-28 22:04:46.801  INFO 11064 --- [main] org.quartz.core.QuartzScheduler          : JobFactory set to: org.springframework.scheduling.quartz.SpringBeanJobFactory@616f81b5
2021-03-28 22:04:46.827  INFO 11064 --- [main] o.s.s.c.ThreadPoolTaskScheduler          : Initializing ExecutorService 'taskScheduler'
2021-03-28 22:04:46.897  INFO 11064 --- [main] o.s.b.w.embedded.tomcat.TomcatWebServer  : Tomcat started on port(s): 8080 (http) with context path ''
2021-03-28 22:04:46.898  INFO 11064 --- [main] o.s.s.quartz.SchedulerFactoryBean        : Starting Quartz Scheduler now
2021-03-28 22:04:46.899  INFO 11064 --- [main] org.quartz.core.QuartzScheduler          : Scheduler quartzScheduler_$_NON_CLUSTERED started.
2021-03-28 22:04:46.912  INFO 11064 --- [main] io.hari.demo.DemoApplication             : Started DemoApplication in 9.238 seconds (JVM running for 10.712)
2021-03-28 22:04:47.396  INFO 11064 --- [main] io.hari.demo.service.UserService         : showId = 1, seats = [Seat(super=BaseEntity(id=1), seatType=gold), Seat(super=BaseEntity(id=2), seatType=silver), Seat(super=BaseEntity(id=3), seatType=gold)]
2021-03-28 22:04:47.401  INFO 11064 --- [main] io.hari.demo.service.UserService         : available = [SeatLock(super=BaseEntity(id=1), showId=1, seatId=1, lockStatus=available, lockedTime=null, timeoutInSec=300, timeOutDuration=PT1M40S), SeatLock(super=BaseEntity(id=2), showId=1, seatId=2, lockStatus=available, lockedTime=null, timeoutInSec=300, timeOutDuration=PT1M40S), SeatLock(super=BaseEntity(id=3), showId=1, seatId=3, lockStatus=available, lockedTime=null, timeoutInSec=300, timeOutDuration=PT1M40S)]
2021-03-28 22:07:22.787  INFO 12700 --- [main] io.hari.demo.DemoApplication             : Starting DemoApplication using Java 1.8.0_281 on MSI with PID 12700 (C:\Users\Hariom Yadav\Desktop\demo\book-my-show\target\classes started by Hariom Yadav in C:\Users\Hariom Yadav\Desktop\demo\book-my-show)
2021-03-28 22:07:22.789  INFO 12700 --- [main] io.hari.demo.DemoApplication             : The following profiles are active: prod
2021-03-28 22:07:24.093  INFO 12700 --- [main] .s.d.r.c.RepositoryConfigurationDelegate : Bootstrapping Spring Data JPA repositories in DEFAULT mode.
2021-03-28 22:07:24.299  INFO 12700 --- [main] .s.d.r.c.RepositoryConfigurationDelegate : Finished Spring Data repository scanning in 185 ms. Found 8 JPA repository interfaces.
2021-03-28 22:07:25.379  INFO 12700 --- [main] o.s.b.w.embedded.tomcat.TomcatWebServer  : Tomcat initialized with port(s): 8080 (http)
2021-03-28 22:07:25.393  INFO 12700 --- [main] o.apache.catalina.core.StandardService   : Starting service [Tomcat]
2021-03-28 22:07:25.394  INFO 12700 --- [main] org.apache.catalina.core.StandardEngine  : Starting Servlet engine: [Apache Tomcat/9.0.43]
2021-03-28 22:07:25.538  INFO 12700 --- [main] o.a.c.c.C.[Tomcat].[localhost].[/]       : Initializing Spring embedded WebApplicationContext
2021-03-28 22:07:25.538  INFO 12700 --- [main] w.s.c.ServletWebServerApplicationContext : Root WebApplicationContext: initialization completed in 2707 ms
2021-03-28 22:07:26.005  INFO 12700 --- [main] o.hibernate.jpa.internal.util.LogHelper  : HHH000204: Processing PersistenceUnitInfo [name: default]
2021-03-28 22:07:26.096  INFO 12700 --- [main] org.hibernate.Version                    : HHH000412: Hibernate ORM core version 5.4.28.Final
2021-03-28 22:07:26.278  INFO 12700 --- [main] o.hibernate.annotations.common.Version   : HCANN000001: Hibernate Commons Annotations {5.1.2.Final}
2021-03-28 22:07:26.348  INFO 12700 --- [main] com.zaxxer.hikari.HikariDataSource       : HikariPool-1 - Starting...
2021-03-28 22:07:26.779  INFO 12700 --- [main] com.zaxxer.hikari.HikariDataSource       : HikariPool-1 - Start completed.
2021-03-28 22:07:26.794  INFO 12700 --- [main] org.hibernate.dialect.Dialect            : HHH000400: Using dialect: org.hibernate.dialect.MySQL5Dialect
2021-03-28 22:07:26.936  WARN 12700 --- [main] o.h.t.d.java.JavaTypeDescriptorRegistry  : HHH000481: Encountered Java type [class io.hari.demo.entity.MovieAttribute] for which we could not locate a JavaTypeDescriptor and which does not appear to implement equals and/or hashCode.  This can lead to significant performance problems when performing equality/dirty checking involving this Java type.  Consider registering a custom JavaTypeDescriptor or at least implementing equals/hashCode.
2021-03-28 22:07:26.940  WARN 12700 --- [main] o.h.t.d.java.JavaTypeDescriptorRegistry  : HHH000481: Encountered Java type [class io.hari.demo.entity.WeekDay] for which we could not locate a JavaTypeDescriptor and which does not appear to implement equals and/or hashCode.  This can lead to significant performance problems when performing equality/dirty checking involving this Java type.  Consider registering a custom JavaTypeDescriptor or at least implementing equals/hashCode.
2021-03-28 22:07:28.185  INFO 12700 --- [main] o.h.e.t.j.p.i.JtaPlatformInitiator       : HHH000490: Using JtaPlatform implementation: [org.hibernate.engine.transaction.jta.platform.internal.NoJtaPlatform]
2021-03-28 22:07:28.211  INFO 12700 --- [main] j.LocalContainerEntityManagerFactoryBean : Initialized JPA EntityManagerFactory for persistence unit 'default'
2021-03-28 22:07:29.007  WARN 12700 --- [main] JpaBaseConfiguration$JpaWebConfiguration : spring.jpa.open-in-view is enabled by default. Therefore, database queries may be performed during view rendering. Explicitly configure spring.jpa.open-in-view to disable this warning
2021-03-28 22:07:29.491  INFO 12700 --- [main] o.s.s.concurrent.ThreadPoolTaskExecutor  : Initializing ExecutorService 'applicationTaskExecutor'
2021-03-28 22:07:29.796  INFO 12700 --- [main] org.quartz.impl.StdSchedulerFactory      : Using default implementation for ThreadExecutor
2021-03-28 22:07:29.805  INFO 12700 --- [main] org.quartz.core.SchedulerSignalerImpl    : Initialized Scheduler Signaller of type: class org.quartz.core.SchedulerSignalerImpl
2021-03-28 22:07:29.805  INFO 12700 --- [main] org.quartz.core.QuartzScheduler          : Quartz Scheduler v.2.3.2 created.
2021-03-28 22:07:29.805  INFO 12700 --- [main] org.quartz.simpl.RAMJobStore             : RAMJobStore initialized.
2021-03-28 22:07:29.806  INFO 12700 --- [main] org.quartz.core.QuartzScheduler          : Scheduler meta-data: Quartz Scheduler (v2.3.2) 'quartzScheduler' with instanceId 'NON_CLUSTERED'
  Scheduler class: 'org.quartz.core.QuartzScheduler' - running locally.
  NOT STARTED.
  Currently in standby mode.
  Number of jobs executed: 0
  Using thread pool 'org.quartz.simpl.SimpleThreadPool' - with 10 threads.
  Using job-store 'org.quartz.simpl.RAMJobStore' - which does not support persistence. and is not clustered.

2021-03-28 22:07:29.806  INFO 12700 --- [main] org.quartz.impl.StdSchedulerFactory      : Quartz scheduler 'quartzScheduler' initialized from an externally provided properties instance.
2021-03-28 22:07:29.806  INFO 12700 --- [main] org.quartz.impl.StdSchedulerFactory      : Quartz scheduler version: 2.3.2
2021-03-28 22:07:29.806  INFO 12700 --- [main] org.quartz.core.QuartzScheduler          : JobFactory set to: org.springframework.scheduling.quartz.SpringBeanJobFactory@7c47e077
2021-03-28 22:07:29.824  INFO 12700 --- [main] o.s.s.c.ThreadPoolTaskScheduler          : Initializing ExecutorService 'taskScheduler'
2021-03-28 22:07:29.874  INFO 12700 --- [main] o.s.b.w.embedded.tomcat.TomcatWebServer  : Tomcat started on port(s): 8080 (http) with context path ''
2021-03-28 22:07:29.875  INFO 12700 --- [main] o.s.s.quartz.SchedulerFactoryBean        : Starting Quartz Scheduler now
2021-03-28 22:07:29.875  INFO 12700 --- [main] org.quartz.core.QuartzScheduler          : Scheduler quartzScheduler_$_NON_CLUSTERED started.
2021-03-28 22:07:29.884  INFO 12700 --- [main] io.hari.demo.DemoApplication             : Started DemoApplication in 7.445 seconds (JVM running for 8.168)
2021-03-28 22:07:30.399  INFO 12700 --- [main] io.hari.demo.service.UserService         : showId = 1, seats = [Seat(super=BaseEntity(id=1), seatType=gold), Seat(super=BaseEntity(id=2), seatType=silver), Seat(super=BaseEntity(id=3), seatType=gold)]
2021-03-28 22:07:30.404  INFO 12700 --- [main] io.hari.demo.service.UserService         : available = [SeatLock(super=BaseEntity(id=1), showId=1, seatId=1, lockStatus=available, lockedTime=null, timeoutInSec=300, timeOutDuration=PT1M40S), SeatLock(super=BaseEntity(id=2), showId=1, seatId=2, lockStatus=available, lockedTime=null, timeoutInSec=300, timeOutDuration=PT1M40S), SeatLock(super=BaseEntity(id=3), showId=1, seatId=3, lockStatus=available, lockedTime=null, timeoutInSec=300, timeOutDuration=PT1M40S)]
2021-03-28 22:08:27.651  INFO 13712 --- [main] io.hari.demo.DemoApplication             : Starting DemoApplication using Java 1.8.0_281 on MSI with PID 13712 (C:\Users\Hariom Yadav\Desktop\demo\book-my-show\target\classes started by Hariom Yadav in C:\Users\Hariom Yadav\Desktop\demo\book-my-show)
2021-03-28 22:08:27.656  INFO 13712 --- [main] io.hari.demo.DemoApplication             : The following profiles are active: prod
2021-03-28 22:08:28.412  INFO 13712 --- [main] .s.d.r.c.RepositoryConfigurationDelegate : Bootstrapping Spring Data JPA repositories in DEFAULT mode.
2021-03-28 22:08:29.954  INFO 7376 --- [main] io.hari.demo.DemoApplication             : Starting DemoApplication using Java 1.8.0_281 on MSI with PID 7376 (C:\Users\Hariom Yadav\Desktop\demo\book-my-show\target\classes started by Hariom Yadav in C:\Users\Hariom Yadav\Desktop\demo\book-my-show)
2021-03-28 22:08:29.956  INFO 7376 --- [main] io.hari.demo.DemoApplication             : The following profiles are active: prod
2021-03-28 22:08:30.537  INFO 7376 --- [main] .s.d.r.c.RepositoryConfigurationDelegate : Bootstrapping Spring Data JPA repositories in DEFAULT mode.
2021-03-28 22:08:30.596  INFO 7376 --- [main] .s.d.r.c.RepositoryConfigurationDelegate : Finished Spring Data repository scanning in 53 ms. Found 8 JPA repository interfaces.
2021-03-28 22:08:31.039  INFO 7376 --- [main] o.s.b.w.embedded.tomcat.TomcatWebServer  : Tomcat initialized with port(s): 8080 (http)
2021-03-28 22:08:31.045  INFO 7376 --- [main] o.apache.catalina.core.StandardService   : Starting service [Tomcat]
2021-03-28 22:08:31.045  INFO 7376 --- [main] org.apache.catalina.core.StandardEngine  : Starting Servlet engine: [Apache Tomcat/9.0.43]
2021-03-28 22:08:31.112  INFO 7376 --- [main] o.a.c.c.C.[Tomcat].[localhost].[/]       : Initializing Spring embedded WebApplicationContext
2021-03-28 22:08:31.113  INFO 7376 --- [main] w.s.c.ServletWebServerApplicationContext : Root WebApplicationContext: initialization completed in 1115 ms
2021-03-28 22:08:31.250  INFO 7376 --- [main] o.hibernate.jpa.internal.util.LogHelper  : HHH000204: Processing PersistenceUnitInfo [name: default]
2021-03-28 22:08:31.282  INFO 7376 --- [main] org.hibernate.Version                    : HHH000412: Hibernate ORM core version 5.4.28.Final
2021-03-28 22:08:31.417  INFO 7376 --- [main] o.hibernate.annotations.common.Version   : HCANN000001: Hibernate Commons Annotations {5.1.2.Final}
2021-03-28 22:08:31.479  INFO 7376 --- [main] com.zaxxer.hikari.HikariDataSource       : HikariPool-1 - Starting...
2021-03-28 22:08:32.063  INFO 7376 --- [main] com.zaxxer.hikari.HikariDataSource       : HikariPool-1 - Start completed.
2021-03-28 22:08:32.071  INFO 7376 --- [main] org.hibernate.dialect.Dialect            : HHH000400: Using dialect: org.hibernate.dialect.MySQL5Dialect
2021-03-28 22:08:32.334  WARN 7376 --- [main] o.h.t.d.java.JavaTypeDescriptorRegistry  : HHH000481: Encountered Java type [class io.hari.demo.entity.MovieAttribute] for which we could not locate a JavaTypeDescriptor and which does not appear to implement equals and/or hashCode.  This can lead to significant performance problems when performing equality/dirty checking involving this Java type.  Consider registering a custom JavaTypeDescriptor or at least implementing equals/hashCode.
2021-03-28 22:08:32.342  WARN 7376 --- [main] o.h.t.d.java.JavaTypeDescriptorRegistry  : HHH000481: Encountered Java type [class io.hari.demo.entity.WeekDay] for which we could not locate a JavaTypeDescriptor and which does not appear to implement equals and/or hashCode.  This can lead to significant performance problems when performing equality/dirty checking involving this Java type.  Consider registering a custom JavaTypeDescriptor or at least implementing equals/hashCode.
2021-03-28 22:08:33.510  INFO 7376 --- [main] o.h.e.t.j.p.i.JtaPlatformInitiator       : HHH000490: Using JtaPlatform implementation: [org.hibernate.engine.transaction.jta.platform.internal.NoJtaPlatform]
2021-03-28 22:08:33.518  INFO 7376 --- [main] j.LocalContainerEntityManagerFactoryBean : Initialized JPA EntityManagerFactory for persistence unit 'default'
2021-03-28 22:08:34.208  WARN 7376 --- [main] JpaBaseConfiguration$JpaWebConfiguration : spring.jpa.open-in-view is enabled by default. Therefore, database queries may be performed during view rendering. Explicitly configure spring.jpa.open-in-view to disable this warning
2021-03-28 22:08:34.612  INFO 7376 --- [main] o.s.s.concurrent.ThreadPoolTaskExecutor  : Initializing ExecutorService 'applicationTaskExecutor'
2021-03-28 22:08:34.917  INFO 7376 --- [main] org.quartz.impl.StdSchedulerFactory      : Using default implementation for ThreadExecutor
2021-03-28 22:08:34.924  INFO 7376 --- [main] org.quartz.core.SchedulerSignalerImpl    : Initialized Scheduler Signaller of type: class org.quartz.core.SchedulerSignalerImpl
2021-03-28 22:08:34.924  INFO 7376 --- [main] org.quartz.core.QuartzScheduler          : Quartz Scheduler v.2.3.2 created.
2021-03-28 22:08:34.925  INFO 7376 --- [main] org.quartz.simpl.RAMJobStore             : RAMJobStore initialized.
2021-03-28 22:08:34.925  INFO 7376 --- [main] org.quartz.core.QuartzScheduler          : Scheduler meta-data: Quartz Scheduler (v2.3.2) 'quartzScheduler' with instanceId 'NON_CLUSTERED'
  Scheduler class: 'org.quartz.core.QuartzScheduler' - running locally.
  NOT STARTED.
  Currently in standby mode.
  Number of jobs executed: 0
  Using thread pool 'org.quartz.simpl.SimpleThreadPool' - with 10 threads.
  Using job-store 'org.quartz.simpl.RAMJobStore' - which does not support persistence. and is not clustered.

2021-03-28 22:08:34.925  INFO 7376 --- [main] org.quartz.impl.StdSchedulerFactory      : Quartz scheduler 'quartzScheduler' initialized from an externally provided properties instance.
2021-03-28 22:08:34.925  INFO 7376 --- [main] org.quartz.impl.StdSchedulerFactory      : Quartz scheduler version: 2.3.2
2021-03-28 22:08:34.925  INFO 7376 --- [main] org.quartz.core.QuartzScheduler          : JobFactory set to: org.springframework.scheduling.quartz.SpringBeanJobFactory@9d3a7a1
2021-03-28 22:08:34.939  INFO 7376 --- [main] o.s.s.c.ThreadPoolTaskScheduler          : Initializing ExecutorService 'taskScheduler'
2021-03-28 22:08:34.976  INFO 7376 --- [main] o.s.b.w.embedded.tomcat.TomcatWebServer  : Tomcat started on port(s): 8080 (http) with context path ''
2021-03-28 22:08:34.977  INFO 7376 --- [main] o.s.s.quartz.SchedulerFactoryBean        : Starting Quartz Scheduler now
2021-03-28 22:08:34.977  INFO 7376 --- [main] org.quartz.core.QuartzScheduler          : Scheduler quartzScheduler_$_NON_CLUSTERED started.
2021-03-28 22:08:34.986  INFO 7376 --- [main] io.hari.demo.DemoApplication             : Started DemoApplication in 5.437 seconds (JVM running for 6.249)
2021-03-28 22:08:35.470  INFO 7376 --- [main] io.hari.demo.service.UserService         : showId = 1, seats = [Seat(super=BaseEntity(id=1), seatType=gold), Seat(super=BaseEntity(id=2), seatType=silver), Seat(super=BaseEntity(id=3), seatType=gold)]
2021-03-28 22:08:35.480  INFO 7376 --- [main] io.hari.demo.service.UserService         : available = [SeatLock(super=BaseEntity(id=1), showId=1, seatId=1, lockStatus=available, lockedTime=null, timeoutInSec=300, timeOutDuration=PT1M40S), SeatLock(super=BaseEntity(id=2), showId=1, seatId=2, lockStatus=available, lockedTime=null, timeoutInSec=300, timeOutDuration=PT1M40S), SeatLock(super=BaseEntity(id=3), showId=1, seatId=3, lockStatus=available, lockedTime=null, timeoutInSec=300, timeOutDuration=PT1M40S)]
2021-03-28 22:08:50.143  INFO 13408 --- [main] io.hari.demo.DemoApplication             : Starting DemoApplication using Java 1.8.0_281 on MSI with PID 13408 (C:\Users\Hariom Yadav\Desktop\demo\book-my-show\target\classes started by Hariom Yadav in C:\Users\Hariom Yadav\Desktop\demo\book-my-show)
2021-03-28 22:08:50.146  INFO 13408 --- [main] io.hari.demo.DemoApplication             : The following profiles are active: prod
2021-03-28 22:08:50.817  INFO 13408 --- [main] .s.d.r.c.RepositoryConfigurationDelegate : Bootstrapping Spring Data JPA repositories in DEFAULT mode.
2021-03-28 22:08:50.885  INFO 13408 --- [main] .s.d.r.c.RepositoryConfigurationDelegate : Finished Spring Data repository scanning in 61 ms. Found 8 JPA repository interfaces.
2021-03-28 22:08:51.569  INFO 13408 --- [main] o.s.b.w.embedded.tomcat.TomcatWebServer  : Tomcat initialized with port(s): 8080 (http)
2021-03-28 22:08:51.575  INFO 13408 --- [main] o.apache.catalina.core.StandardService   : Starting service [Tomcat]
2021-03-28 22:08:51.575  INFO 13408 --- [main] org.apache.catalina.core.StandardEngine  : Starting Servlet engine: [Apache Tomcat/9.0.43]
2021-03-28 22:08:51.652  INFO 13408 --- [main] o.a.c.c.C.[Tomcat].[localhost].[/]       : Initializing Spring embedded WebApplicationContext
2021-03-28 22:08:51.652  INFO 13408 --- [main] w.s.c.ServletWebServerApplicationContext : Root WebApplicationContext: initialization completed in 1461 ms
2021-03-28 22:08:51.793  INFO 13408 --- [main] o.hibernate.jpa.internal.util.LogHelper  : HHH000204: Processing PersistenceUnitInfo [name: default]
2021-03-28 22:08:51.823  INFO 13408 --- [main] org.hibernate.Version                    : HHH000412: Hibernate ORM core version 5.4.28.Final
2021-03-28 22:08:51.950  INFO 13408 --- [main] o.hibernate.annotations.common.Version   : HCANN000001: Hibernate Commons Annotations {5.1.2.Final}
2021-03-28 22:08:52.012  INFO 13408 --- [main] com.zaxxer.hikari.HikariDataSource       : HikariPool-1 - Starting...
2021-03-28 22:08:52.771  INFO 13408 --- [main] com.zaxxer.hikari.HikariDataSource       : HikariPool-1 - Start completed.
2021-03-28 22:08:52.798  INFO 13408 --- [main] org.hibernate.dialect.Dialect            : HHH000400: Using dialect: org.hibernate.dialect.MySQL5Dialect
2021-03-28 22:08:52.978  WARN 13408 --- [main] o.h.t.d.java.JavaTypeDescriptorRegistry  : HHH000481: Encountered Java type [class io.hari.demo.entity.MovieAttribute] for which we could not locate a JavaTypeDescriptor and which does not appear to implement equals and/or hashCode.  This can lead to significant performance problems when performing equality/dirty checking involving this Java type.  Consider registering a custom JavaTypeDescriptor or at least implementing equals/hashCode.
2021-03-28 22:08:52.981  WARN 13408 --- [main] o.h.t.d.java.JavaTypeDescriptorRegistry  : HHH000481: Encountered Java type [class io.hari.demo.entity.WeekDay] for which we could not locate a JavaTypeDescriptor and which does not appear to implement equals and/or hashCode.  This can lead to significant performance problems when performing equality/dirty checking involving this Java type.  Consider registering a custom JavaTypeDescriptor or at least implementing equals/hashCode.
2021-03-28 22:08:54.840  INFO 13408 --- [main] o.h.e.t.j.p.i.JtaPlatformInitiator       : HHH000490: Using JtaPlatform implementation: [org.hibernate.engine.transaction.jta.platform.internal.NoJtaPlatform]
2021-03-28 22:08:54.863  INFO 13408 --- [main] j.LocalContainerEntityManagerFactoryBean : Initialized JPA EntityManagerFactory for persistence unit 'default'
2021-03-28 22:08:55.605  WARN 13408 --- [main] JpaBaseConfiguration$JpaWebConfiguration : spring.jpa.open-in-view is enabled by default. Therefore, database queries may be performed during view rendering. Explicitly configure spring.jpa.open-in-view to disable this warning
2021-03-28 22:08:56.051  INFO 13408 --- [main] o.s.s.concurrent.ThreadPoolTaskExecutor  : Initializing ExecutorService 'applicationTaskExecutor'
2021-03-28 22:08:56.446  INFO 13408 --- [main] org.quartz.impl.StdSchedulerFactory      : Using default implementation for ThreadExecutor
2021-03-28 22:08:56.455  INFO 13408 --- [main] org.quartz.core.SchedulerSignalerImpl    : Initialized Scheduler Signaller of type: class org.quartz.core.SchedulerSignalerImpl
2021-03-28 22:08:56.456  INFO 13408 --- [main] org.quartz.core.QuartzScheduler          : Quartz Scheduler v.2.3.2 created.
2021-03-28 22:08:56.457  INFO 13408 --- [main] org.quartz.simpl.RAMJobStore             : RAMJobStore initialized.
2021-03-28 22:08:56.458  INFO 13408 --- [main] org.quartz.core.QuartzScheduler          : Scheduler meta-data: Quartz Scheduler (v2.3.2) 'quartzScheduler' with instanceId 'NON_CLUSTERED'
  Scheduler class: 'org.quartz.core.QuartzScheduler' - running locally.
  NOT STARTED.
  Currently in standby mode.
  Number of jobs executed: 0
  Using thread pool 'org.quartz.simpl.SimpleThreadPool' - with 10 threads.
  Using job-store 'org.quartz.simpl.RAMJobStore' - which does not support persistence. and is not clustered.

2021-03-28 22:08:56.458  INFO 13408 --- [main] org.quartz.impl.StdSchedulerFactory      : Quartz scheduler 'quartzScheduler' initialized from an externally provided properties instance.
2021-03-28 22:08:56.458  INFO 13408 --- [main] org.quartz.impl.StdSchedulerFactory      : Quartz scheduler version: 2.3.2
2021-03-28 22:08:56.458  INFO 13408 --- [main] org.quartz.core.QuartzScheduler          : JobFactory set to: org.springframework.scheduling.quartz.SpringBeanJobFactory@4df7b4ac
2021-03-28 22:08:56.475  INFO 13408 --- [main] o.s.s.c.ThreadPoolTaskScheduler          : Initializing ExecutorService 'taskScheduler'
2021-03-28 22:08:56.522  INFO 13408 --- [main] o.s.b.w.embedded.tomcat.TomcatWebServer  : Tomcat started on port(s): 8080 (http) with context path ''
2021-03-28 22:08:56.523  INFO 13408 --- [main] o.s.s.quartz.SchedulerFactoryBean        : Starting Quartz Scheduler now
2021-03-28 22:08:56.524  INFO 13408 --- [main] org.quartz.core.QuartzScheduler          : Scheduler quartzScheduler_$_NON_CLUSTERED started.
2021-03-28 22:08:56.535  INFO 13408 --- [main] io.hari.demo.DemoApplication             : Started DemoApplication in 6.737 seconds (JVM running for 7.369)
2021-03-28 22:08:56.995  INFO 13408 --- [main] io.hari.demo.service.UserService         : showId = 1, seats = [Seat(super=BaseEntity(id=1), seatType=gold), Seat(super=BaseEntity(id=2), seatType=silver), Seat(super=BaseEntity(id=3), seatType=gold)]
2021-03-28 22:08:57.001  INFO 13408 --- [main] io.hari.demo.service.UserService         : available = [SeatLock(super=BaseEntity(id=1), showId=1, seatId=1, lockStatus=available, lockedTime=null, timeoutInSec=300, timeOutDuration=PT1M40S), SeatLock(super=BaseEntity(id=2), showId=1, seatId=2, lockStatus=available, lockedTime=null, timeoutInSec=300, timeOutDuration=PT1M40S), SeatLock(super=BaseEntity(id=3), showId=1, seatId=3, lockStatus=available, lockedTime=null, timeoutInSec=300, timeOutDuration=PT1M40S)]
2021-03-28 22:09:07.743  INFO 3476 --- [main] io.hari.demo.DemoApplication             : Starting DemoApplication using Java 1.8.0_281 on MSI with PID 3476 (C:\Users\Hariom Yadav\Desktop\demo\book-my-show\target\classes started by Hariom Yadav in C:\Users\Hariom Yadav\Desktop\demo\book-my-show)
2021-03-28 22:09:07.744  INFO 3476 --- [main] io.hari.demo.DemoApplication             : The following profiles are active: prod
2021-03-28 22:09:08.433  INFO 3476 --- [main] .s.d.r.c.RepositoryConfigurationDelegate : Bootstrapping Spring Data JPA repositories in DEFAULT mode.
2021-03-28 22:09:08.494  INFO 3476 --- [main] .s.d.r.c.RepositoryConfigurationDelegate : Finished Spring Data repository scanning in 54 ms. Found 8 JPA repository interfaces.
2021-03-28 22:09:08.955  INFO 3476 --- [main] o.s.b.w.embedded.tomcat.TomcatWebServer  : Tomcat initialized with port(s): 8080 (http)
2021-03-28 22:09:08.969  INFO 3476 --- [main] o.apache.catalina.core.StandardService   : Starting service [Tomcat]
2021-03-28 22:09:08.969  INFO 3476 --- [main] org.apache.catalina.core.StandardEngine  : Starting Servlet engine: [Apache Tomcat/9.0.43]
2021-03-28 22:09:09.039  INFO 3476 --- [main] o.a.c.c.C.[Tomcat].[localhost].[/]       : Initializing Spring embedded WebApplicationContext
2021-03-28 22:09:09.039  INFO 3476 --- [main] w.s.c.ServletWebServerApplicationContext : Root WebApplicationContext: initialization completed in 1242 ms
2021-03-28 22:09:09.222  INFO 3476 --- [main] o.hibernate.jpa.internal.util.LogHelper  : HHH000204: Processing PersistenceUnitInfo [name: default]
2021-03-28 22:09:09.288  INFO 3476 --- [main] org.hibernate.Version                    : HHH000412: Hibernate ORM core version 5.4.28.Final
2021-03-28 22:09:09.447  INFO 3476 --- [main] o.hibernate.annotations.common.Version   : HCANN000001: Hibernate Commons Annotations {5.1.2.Final}
2021-03-28 22:09:09.513  INFO 3476 --- [main] com.zaxxer.hikari.HikariDataSource       : HikariPool-1 - Starting...
2021-03-28 22:09:09.966  INFO 3476 --- [main] com.zaxxer.hikari.HikariDataSource       : HikariPool-1 - Start completed.
2021-03-28 22:09:09.978  INFO 3476 --- [main] org.hibernate.dialect.Dialect            : HHH000400: Using dialect: org.hibernate.dialect.MySQL5Dialect
2021-03-28 22:09:10.128  WARN 3476 --- [main] o.h.t.d.java.JavaTypeDescriptorRegistry  : HHH000481: Encountered Java type [class io.hari.demo.entity.MovieAttribute] for which we could not locate a JavaTypeDescriptor and which does not appear to implement equals and/or hashCode.  This can lead to significant performance problems when performing equality/dirty checking involving this Java type.  Consider registering a custom JavaTypeDescriptor or at least implementing equals/hashCode.
2021-03-28 22:09:10.133  WARN 3476 --- [main] o.h.t.d.java.JavaTypeDescriptorRegistry  : HHH000481: Encountered Java type [class io.hari.demo.entity.WeekDay] for which we could not locate a JavaTypeDescriptor and which does not appear to implement equals and/or hashCode.  This can lead to significant performance problems when performing equality/dirty checking involving this Java type.  Consider registering a custom JavaTypeDescriptor or at least implementing equals/hashCode.
2021-03-28 22:09:11.487  INFO 3476 --- [main] o.h.e.t.j.p.i.JtaPlatformInitiator       : HHH000490: Using JtaPlatform implementation: [org.hibernate.engine.transaction.jta.platform.internal.NoJtaPlatform]
2021-03-28 22:09:11.514  INFO 3476 --- [main] j.LocalContainerEntityManagerFactoryBean : Initialized JPA EntityManagerFactory for persistence unit 'default'
2021-03-28 22:09:12.139  WARN 3476 --- [main] JpaBaseConfiguration$JpaWebConfiguration : spring.jpa.open-in-view is enabled by default. Therefore, database queries may be performed during view rendering. Explicitly configure spring.jpa.open-in-view to disable this warning
2021-03-28 22:09:12.596  INFO 3476 --- [main] o.s.s.concurrent.ThreadPoolTaskExecutor  : Initializing ExecutorService 'applicationTaskExecutor'
2021-03-28 22:09:13.005  INFO 3476 --- [main] org.quartz.impl.StdSchedulerFactory      : Using default implementation for ThreadExecutor
2021-03-28 22:09:13.013  INFO 3476 --- [main] org.quartz.core.SchedulerSignalerImpl    : Initialized Scheduler Signaller of type: class org.quartz.core.SchedulerSignalerImpl
2021-03-28 22:09:13.013  INFO 3476 --- [main] org.quartz.core.QuartzScheduler          : Quartz Scheduler v.2.3.2 created.
2021-03-28 22:09:13.013  INFO 3476 --- [main] org.quartz.simpl.RAMJobStore             : RAMJobStore initialized.
2021-03-28 22:09:13.014  INFO 3476 --- [main] org.quartz.core.QuartzScheduler          : Scheduler meta-data: Quartz Scheduler (v2.3.2) 'quartzScheduler' with instanceId 'NON_CLUSTERED'
  Scheduler class: 'org.quartz.core.QuartzScheduler' - running locally.
  NOT STARTED.
  Currently in standby mode.
  Number of jobs executed: 0
  Using thread pool 'org.quartz.simpl.SimpleThreadPool' - with 10 threads.
  Using job-store 'org.quartz.simpl.RAMJobStore' - which does not support persistence. and is not clustered.

2021-03-28 22:09:13.014  INFO 3476 --- [main] org.quartz.impl.StdSchedulerFactory      : Quartz scheduler 'quartzScheduler' initialized from an externally provided properties instance.
2021-03-28 22:09:13.014  INFO 3476 --- [main] org.quartz.impl.StdSchedulerFactory      : Quartz scheduler version: 2.3.2
2021-03-28 22:09:13.014  INFO 3476 --- [main] org.quartz.core.QuartzScheduler          : JobFactory set to: org.springframework.scheduling.quartz.SpringBeanJobFactory@67e4928c
2021-03-28 22:09:13.028  INFO 3476 --- [main] o.s.s.c.ThreadPoolTaskScheduler          : Initializing ExecutorService 'taskScheduler'
2021-03-28 22:09:13.067  INFO 3476 --- [main] o.s.b.w.embedded.tomcat.TomcatWebServer  : Tomcat started on port(s): 8080 (http) with context path ''
2021-03-28 22:09:13.068  INFO 3476 --- [main] o.s.s.quartz.SchedulerFactoryBean        : Starting Quartz Scheduler now
2021-03-28 22:09:13.068  INFO 3476 --- [main] org.quartz.core.QuartzScheduler          : Scheduler quartzScheduler_$_NON_CLUSTERED started.
2021-03-28 22:09:13.076  INFO 3476 --- [main] io.hari.demo.DemoApplication             : Started DemoApplication in 5.69 seconds (JVM running for 6.24)
2021-03-28 22:09:13.592  INFO 3476 --- [main] io.hari.demo.service.UserService         : showId = 1, seats = [Seat(super=BaseEntity(id=1), seatType=gold), Seat(super=BaseEntity(id=2), seatType=silver), Seat(super=BaseEntity(id=3), seatType=gold)]
2021-03-28 22:09:13.598  INFO 3476 --- [main] io.hari.demo.service.UserService         : available = [SeatLock(super=BaseEntity(id=1), showId=1, seatId=1, lockStatus=available, lockedTime=null, timeoutInSec=300, timeOutDuration=PT1M40S), SeatLock(super=BaseEntity(id=2), showId=1, seatId=2, lockStatus=available, lockedTime=null, timeoutInSec=300, timeOutDuration=PT1M40S), SeatLock(super=BaseEntity(id=3), showId=1, seatId=3, lockStatus=available, lockedTime=null, timeoutInSec=300, timeOutDuration=PT1M40S)]
2021-03-28 22:09:23.646  INFO 7772 --- [main] io.hari.demo.DemoApplication             : Starting DemoApplication using Java 1.8.0_281 on MSI with PID 7772 (C:\Users\Hariom Yadav\Desktop\demo\book-my-show\target\classes started by Hariom Yadav in C:\Users\Hariom Yadav\Desktop\demo\book-my-show)
2021-03-28 22:09:23.648  INFO 7772 --- [main] io.hari.demo.DemoApplication             : The following profiles are active: dev
2021-03-28 22:09:24.359  INFO 7772 --- [main] .s.d.r.c.RepositoryConfigurationDelegate : Bootstrapping Spring Data JPA repositories in DEFAULT mode.
2021-03-28 22:09:24.424  INFO 7772 --- [main] .s.d.r.c.RepositoryConfigurationDelegate : Finished Spring Data repository scanning in 58 ms. Found 8 JPA repository interfaces.
2021-03-28 22:09:24.991  INFO 7772 --- [main] o.s.b.w.embedded.tomcat.TomcatWebServer  : Tomcat initialized with port(s): 8080 (http)
2021-03-28 22:09:25.002  INFO 7772 --- [main] o.apache.catalina.core.StandardService   : Starting service [Tomcat]
2021-03-28 22:09:25.003  INFO 7772 --- [main] org.apache.catalina.core.StandardEngine  : Starting Servlet engine: [Apache Tomcat/9.0.43]
2021-03-28 22:09:25.096  INFO 7772 --- [main] o.a.c.c.C.[Tomcat].[localhost].[/]       : Initializing Spring embedded WebApplicationContext
2021-03-28 22:09:25.097  INFO 7772 --- [main] w.s.c.ServletWebServerApplicationContext : Root WebApplicationContext: initialization completed in 1399 ms
2021-03-28 22:09:25.145  INFO 7772 --- [main] com.zaxxer.hikari.HikariDataSource       : HikariPool-1 - Starting...
2021-03-28 22:09:25.442  INFO 7772 --- [main] com.zaxxer.hikari.HikariDataSource       : HikariPool-1 - Start completed.
2021-03-28 22:09:25.453  INFO 7772 --- [main] o.s.b.a.h2.H2ConsoleAutoConfiguration    : H2 console available at '/h2-console'. Database available at 'jdbc:h2:mem:h2db'
2021-03-28 22:09:25.730  INFO 7772 --- [main] o.hibernate.jpa.internal.util.LogHelper  : HHH000204: Processing PersistenceUnitInfo [name: default]
2021-03-28 22:09:25.793  INFO 7772 --- [main] org.hibernate.Version                    : HHH000412: Hibernate ORM core version 5.4.28.Final
2021-03-28 22:09:28.436  INFO 3268 --- [main] io.hari.demo.DemoApplication             : Starting DemoApplication using Java 1.8.0_281 on MSI with PID 3268 (C:\Users\Hariom Yadav\Desktop\demo\book-my-show\target\classes started by Hariom Yadav in C:\Users\Hariom Yadav\Desktop\demo\book-my-show)
2021-03-28 22:09:28.440  INFO 3268 --- [main] io.hari.demo.DemoApplication             : The following profiles are active: dev
2021-03-28 22:09:29.134  INFO 3268 --- [main] .s.d.r.c.RepositoryConfigurationDelegate : Bootstrapping Spring Data JPA repositories in DEFAULT mode.
2021-03-28 22:09:29.214  INFO 3268 --- [main] .s.d.r.c.RepositoryConfigurationDelegate : Finished Spring Data repository scanning in 73 ms. Found 8 JPA repository interfaces.
2021-03-28 22:09:29.733  INFO 3268 --- [main] o.s.b.w.embedded.tomcat.TomcatWebServer  : Tomcat initialized with port(s): 8080 (http)
2021-03-28 22:09:29.744  INFO 3268 --- [main] o.apache.catalina.core.StandardService   : Starting service [Tomcat]
2021-03-28 22:09:29.744  INFO 3268 --- [main] org.apache.catalina.core.StandardEngine  : Starting Servlet engine: [Apache Tomcat/9.0.43]
2021-03-28 22:09:29.843  INFO 3268 --- [main] o.a.c.c.C.[Tomcat].[localhost].[/]       : Initializing Spring embedded WebApplicationContext
2021-03-28 22:09:29.844  INFO 3268 --- [main] w.s.c.ServletWebServerApplicationContext : Root WebApplicationContext: initialization completed in 1345 ms
2021-03-28 22:09:29.914  INFO 3268 --- [main] com.zaxxer.hikari.HikariDataSource       : HikariPool-1 - Starting...
2021-03-28 22:09:30.048  INFO 3268 --- [main] com.zaxxer.hikari.HikariDataSource       : HikariPool-1 - Start completed.
2021-03-28 22:09:30.052  INFO 3268 --- [main] o.s.b.a.h2.H2ConsoleAutoConfiguration    : H2 console available at '/h2-console'. Database available at 'jdbc:h2:mem:h2db'
2021-03-28 22:09:30.231  INFO 3268 --- [main] o.hibernate.jpa.internal.util.LogHelper  : HHH000204: Processing PersistenceUnitInfo [name: default]
2021-03-28 22:09:30.261  INFO 3268 --- [main] org.hibernate.Version                    : HHH000412: Hibernate ORM core version 5.4.28.Final
2021-03-28 22:09:30.332  INFO 3268 --- [main] o.hibernate.annotations.common.Version   : HCANN000001: Hibernate Commons Annotations {5.1.2.Final}
2021-03-28 22:09:30.415  INFO 3268 --- [main] org.hibernate.dialect.Dialect            : HHH000400: Using dialect: org.hibernate.dialect.H2Dialect
2021-03-28 22:09:30.545  WARN 3268 --- [main] o.h.t.d.java.JavaTypeDescriptorRegistry  : HHH000481: Encountered Java type [class io.hari.demo.entity.MovieAttribute] for which we could not locate a JavaTypeDescriptor and which does not appear to implement equals and/or hashCode.  This can lead to significant performance problems when performing equality/dirty checking involving this Java type.  Consider registering a custom JavaTypeDescriptor or at least implementing equals/hashCode.
2021-03-28 22:09:30.548  WARN 3268 --- [main] o.h.t.d.java.JavaTypeDescriptorRegistry  : HHH000481: Encountered Java type [class io.hari.demo.entity.WeekDay] for which we could not locate a JavaTypeDescriptor and which does not appear to implement equals and/or hashCode.  This can lead to significant performance problems when performing equality/dirty checking involving this Java type.  Consider registering a custom JavaTypeDescriptor or at least implementing equals/hashCode.
2021-03-28 22:09:31.144  INFO 3268 --- [main] o.h.e.t.j.p.i.JtaPlatformInitiator       : HHH000490: Using JtaPlatform implementation: [org.hibernate.engine.transaction.jta.platform.internal.NoJtaPlatform]
2021-03-28 22:09:31.153  INFO 3268 --- [main] j.LocalContainerEntityManagerFactoryBean : Initialized JPA EntityManagerFactory for persistence unit 'default'
2021-03-28 22:09:31.794  WARN 3268 --- [main] JpaBaseConfiguration$JpaWebConfiguration : spring.jpa.open-in-view is enabled by default. Therefore, database queries may be performed during view rendering. Explicitly configure spring.jpa.open-in-view to disable this warning
2021-03-28 22:09:32.133  INFO 3268 --- [main] o.s.s.concurrent.ThreadPoolTaskExecutor  : Initializing ExecutorService 'applicationTaskExecutor'
2021-03-28 22:09:32.493  INFO 3268 --- [main] org.quartz.impl.StdSchedulerFactory      : Using default implementation for ThreadExecutor
2021-03-28 22:09:32.500  INFO 3268 --- [main] org.quartz.core.SchedulerSignalerImpl    : Initialized Scheduler Signaller of type: class org.quartz.core.SchedulerSignalerImpl
2021-03-28 22:09:32.501  INFO 3268 --- [main] org.quartz.core.QuartzScheduler          : Quartz Scheduler v.2.3.2 created.
2021-03-28 22:09:32.638  INFO 3268 --- [main] org.quartz.simpl.RAMJobStore             : RAMJobStore initialized.
2021-03-28 22:09:32.639  INFO 3268 --- [main] org.quartz.core.QuartzScheduler          : Scheduler meta-data: Quartz Scheduler (v2.3.2) 'quartzScheduler' with instanceId 'NON_CLUSTERED'
  Scheduler class: 'org.quartz.core.QuartzScheduler' - running locally.
  NOT STARTED.
  Currently in standby mode.
  Number of jobs executed: 0
  Using thread pool 'org.quartz.simpl.SimpleThreadPool' - with 10 threads.
  Using job-store 'org.quartz.simpl.RAMJobStore' - which does not support persistence. and is not clustered.

2021-03-28 22:09:32.639  INFO 3268 --- [main] org.quartz.impl.StdSchedulerFactory      : Quartz scheduler 'quartzScheduler' initialized from an externally provided properties instance.
2021-03-28 22:09:32.639  INFO 3268 --- [main] org.quartz.impl.StdSchedulerFactory      : Quartz scheduler version: 2.3.2
2021-03-28 22:09:32.640  INFO 3268 --- [main] org.quartz.core.QuartzScheduler          : JobFactory set to: org.springframework.scheduling.quartz.SpringBeanJobFactory@1da5c19d
2021-03-28 22:09:32.654  INFO 3268 --- [main] o.s.s.c.ThreadPoolTaskScheduler          : Initializing ExecutorService 'taskScheduler'
2021-03-28 22:09:32.692  INFO 3268 --- [main] o.s.b.w.embedded.tomcat.TomcatWebServer  : Tomcat started on port(s): 8080 (http) with context path ''
2021-03-28 22:09:32.692  INFO 3268 --- [main] o.s.s.quartz.SchedulerFactoryBean        : Starting Quartz Scheduler now
2021-03-28 22:09:32.693  INFO 3268 --- [main] org.quartz.core.QuartzScheduler          : Scheduler quartzScheduler_$_NON_CLUSTERED started.
2021-03-28 22:09:32.703  INFO 3268 --- [main] io.hari.demo.DemoApplication             : Started DemoApplication in 4.877 seconds (JVM running for 6.581)
2021-03-28 22:09:33.041  INFO 3268 --- [main] io.hari.demo.service.UserService         : showId = 1, seats = [Seat(super=BaseEntity(id=1), seatType=gold), Seat(super=BaseEntity(id=2), seatType=silver), Seat(super=BaseEntity(id=3), seatType=gold)]
2021-03-28 22:09:33.044  INFO 3268 --- [main] io.hari.demo.service.UserService         : available = [SeatLock(super=BaseEntity(id=1), showId=1, seatId=1, lockStatus=available, lockedTime=null, timeoutInSec=300, timeOutDuration=PT1M40S), SeatLock(super=BaseEntity(id=2), showId=1, seatId=2, lockStatus=available, lockedTime=null, timeoutInSec=300, timeOutDuration=PT1M40S), SeatLock(super=BaseEntity(id=3), showId=1, seatId=3, lockStatus=available, lockedTime=null, timeoutInSec=300, timeOutDuration=PT1M40S)]
2021-03-28 22:10:37.761  INFO 13364 --- [main] io.hari.demo.DemoApplication             : Starting DemoApplication using Java 1.8.0_281 on MSI with PID 13364 (C:\Users\Hariom Yadav\Desktop\demo\book-my-show\target\classes started by Hariom Yadav in C:\Users\Hariom Yadav\Desktop\demo\book-my-show)
2021-03-28 22:10:37.764  INFO 13364 --- [main] io.hari.demo.DemoApplication             : The following profiles are active: dev
2021-03-28 22:10:38.378  INFO 13364 --- [main] .s.d.r.c.RepositoryConfigurationDelegate : Bootstrapping Spring Data JPA repositories in DEFAULT mode.
2021-03-28 22:10:38.448  INFO 13364 --- [main] .s.d.r.c.RepositoryConfigurationDelegate : Finished Spring Data repository scanning in 64 ms. Found 8 JPA repository interfaces.
2021-03-28 22:10:38.970  INFO 13364 --- [main] o.s.b.w.embedded.tomcat.TomcatWebServer  : Tomcat initialized with port(s): 8080 (http)
2021-03-28 22:10:38.976  INFO 13364 --- [main] o.apache.catalina.core.StandardService   : Starting service [Tomcat]
2021-03-28 22:10:38.977  INFO 13364 --- [main] org.apache.catalina.core.StandardEngine  : Starting Servlet engine: [Apache Tomcat/9.0.43]
2021-03-28 22:10:39.046  INFO 13364 --- [main] o.a.c.c.C.[Tomcat].[localhost].[/]       : Initializing Spring embedded WebApplicationContext
2021-03-28 22:10:39.046  INFO 13364 --- [main] w.s.c.ServletWebServerApplicationContext : Root WebApplicationContext: initialization completed in 1237 ms
2021-03-28 22:10:39.091  INFO 13364 --- [main] com.zaxxer.hikari.HikariDataSource       : HikariPool-1 - Starting...
2021-03-28 22:10:39.160  INFO 13364 --- [main] com.zaxxer.hikari.HikariDataSource       : HikariPool-1 - Start completed.
2021-03-28 22:10:39.165  INFO 13364 --- [main] o.s.b.a.h2.H2ConsoleAutoConfiguration    : H2 console available at '/h2-console'. Database available at 'jdbc:h2:mem:h2db'
2021-03-28 22:10:39.376  INFO 13364 --- [main] o.hibernate.jpa.internal.util.LogHelper  : HHH000204: Processing PersistenceUnitInfo [name: default]
2021-03-28 22:10:39.406  INFO 13364 --- [main] org.hibernate.Version                    : HHH000412: Hibernate ORM core version 5.4.28.Final
2021-03-28 22:10:39.481  INFO 13364 --- [main] o.hibernate.annotations.common.Version   : HCANN000001: Hibernate Commons Annotations {5.1.2.Final}
2021-03-28 22:10:39.556  INFO 13364 --- [main] org.hibernate.dialect.Dialect            : HHH000400: Using dialect: org.hibernate.dialect.H2Dialect
2021-03-28 22:10:39.697  WARN 13364 --- [main] o.h.t.d.java.JavaTypeDescriptorRegistry  : HHH000481: Encountered Java type [class io.hari.demo.entity.MovieAttribute] for which we could not locate a JavaTypeDescriptor and which does not appear to implement equals and/or hashCode.  This can lead to significant performance problems when performing equality/dirty checking involving this Java type.  Consider registering a custom JavaTypeDescriptor or at least implementing equals/hashCode.
2021-03-28 22:10:39.702  WARN 13364 --- [main] o.h.t.d.java.JavaTypeDescriptorRegistry  : HHH000481: Encountered Java type [class io.hari.demo.entity.WeekDay] for which we could not locate a JavaTypeDescriptor and which does not appear to implement equals and/or hashCode.  This can lead to significant performance problems when performing equality/dirty checking involving this Java type.  Consider registering a custom JavaTypeDescriptor or at least implementing equals/hashCode.
2021-03-28 22:10:40.151  INFO 13364 --- [main] o.h.e.t.j.p.i.JtaPlatformInitiator       : HHH000490: Using JtaPlatform implementation: [org.hibernate.engine.transaction.jta.platform.internal.NoJtaPlatform]
2021-03-28 22:10:40.158  INFO 13364 --- [main] j.LocalContainerEntityManagerFactoryBean : Initialized JPA EntityManagerFactory for persistence unit 'default'
2021-03-28 22:10:40.750  WARN 13364 --- [main] JpaBaseConfiguration$JpaWebConfiguration : spring.jpa.open-in-view is enabled by default. Therefore, database queries may be performed during view rendering. Explicitly configure spring.jpa.open-in-view to disable this warning
2021-03-28 22:10:41.203  INFO 13364 --- [main] o.s.s.concurrent.ThreadPoolTaskExecutor  : Initializing ExecutorService 'applicationTaskExecutor'
2021-03-28 22:10:41.750  INFO 13364 --- [main] org.quartz.impl.StdSchedulerFactory      : Using default implementation for ThreadExecutor
2021-03-28 22:10:41.764  INFO 13364 --- [main] org.quartz.core.SchedulerSignalerImpl    : Initialized Scheduler Signaller of type: class org.quartz.core.SchedulerSignalerImpl
2021-03-28 22:10:41.765  INFO 13364 --- [main] org.quartz.core.QuartzScheduler          : Quartz Scheduler v.2.3.2 created.
2021-03-28 22:10:41.766  INFO 13364 --- [main] org.quartz.simpl.RAMJobStore             : RAMJobStore initialized.
2021-03-28 22:10:41.767  INFO 13364 --- [main] org.quartz.core.QuartzScheduler          : Scheduler meta-data: Quartz Scheduler (v2.3.2) 'quartzScheduler' with instanceId 'NON_CLUSTERED'
  Scheduler class: 'org.quartz.core.QuartzScheduler' - running locally.
  NOT STARTED.
  Currently in standby mode.
  Number of jobs executed: 0
  Using thread pool 'org.quartz.simpl.SimpleThreadPool' - with 10 threads.
  Using job-store 'org.quartz.simpl.RAMJobStore' - which does not support persistence. and is not clustered.

2021-03-28 22:10:41.768  INFO 13364 --- [main] org.quartz.impl.StdSchedulerFactory      : Quartz scheduler 'quartzScheduler' initialized from an externally provided properties instance.
2021-03-28 22:10:41.768  INFO 13364 --- [main] org.quartz.impl.StdSchedulerFactory      : Quartz scheduler version: 2.3.2
2021-03-28 22:10:41.768  INFO 13364 --- [main] org.quartz.core.QuartzScheduler          : JobFactory set to: org.springframework.scheduling.quartz.SpringBeanJobFactory@7a62d697
2021-03-28 22:10:41.793  INFO 13364 --- [main] o.s.s.c.ThreadPoolTaskScheduler          : Initializing ExecutorService 'taskScheduler'
2021-03-28 22:10:41.852  INFO 13364 --- [main] o.s.b.w.embedded.tomcat.TomcatWebServer  : Tomcat started on port(s): 8080 (http) with context path ''
2021-03-28 22:10:41.853  INFO 13364 --- [main] o.s.s.quartz.SchedulerFactoryBean        : Starting Quartz Scheduler now
2021-03-28 22:10:41.854  INFO 13364 --- [main] org.quartz.core.QuartzScheduler          : Scheduler quartzScheduler_$_NON_CLUSTERED started.
2021-03-28 22:10:41.869  INFO 13364 --- [main] io.hari.demo.DemoApplication             : Started DemoApplication in 4.456 seconds (JVM running for 5.088)
2021-03-28 22:10:42.411  INFO 13364 --- [main] io.hari.demo.service.UserService         : showId = 1, seats = [Seat(super=BaseEntity(id=1), seatType=gold), Seat(super=BaseEntity(id=2), seatType=silver), Seat(super=BaseEntity(id=3), seatType=gold)]
2021-03-28 22:10:42.415  INFO 13364 --- [main] io.hari.demo.service.UserService         : available = [SeatLock(super=BaseEntity(id=1), showId=1, seatId=1, lockStatus=available, lockedTime=null, timeoutInSec=300, timeOutDuration=PT1M40S), SeatLock(super=BaseEntity(id=2), showId=1, seatId=2, lockStatus=available, lockedTime=null, timeoutInSec=300, timeOutDuration=PT1M40S), SeatLock(super=BaseEntity(id=3), showId=1, seatId=3, lockStatus=available, lockedTime=null, timeoutInSec=300, timeOutDuration=PT1M40S)]
2021-03-28 22:10:55.203  INFO 14104 --- [main] io.hari.demo.DemoApplication             : Starting DemoApplication using Java 1.8.0_281 on MSI with PID 14104 (C:\Users\Hariom Yadav\Desktop\demo\book-my-show\target\classes started by Hariom Yadav in C:\Users\Hariom Yadav\Desktop\demo\book-my-show)
2021-03-28 22:10:55.206  INFO 14104 --- [main] io.hari.demo.DemoApplication             : The following profiles are active: dev
2021-03-28 22:10:56.085  INFO 14104 --- [main] .s.d.r.c.RepositoryConfigurationDelegate : Bootstrapping Spring Data JPA repositories in DEFAULT mode.
2021-03-28 22:10:56.175  INFO 14104 --- [main] .s.d.r.c.RepositoryConfigurationDelegate : Finished Spring Data repository scanning in 81 ms. Found 8 JPA repository interfaces.
2021-03-28 22:10:56.724  INFO 14104 --- [main] o.s.b.w.embedded.tomcat.TomcatWebServer  : Tomcat initialized with port(s): 8080 (http)
2021-03-28 22:10:56.742  INFO 14104 --- [main] o.apache.catalina.core.StandardService   : Starting service [Tomcat]
2021-03-28 22:10:56.743  INFO 14104 --- [main] org.apache.catalina.core.StandardEngine  : Starting Servlet engine: [Apache Tomcat/9.0.43]
2021-03-28 22:10:56.857  INFO 14104 --- [main] o.a.c.c.C.[Tomcat].[localhost].[/]       : Initializing Spring embedded WebApplicationContext
2021-03-28 22:10:56.857  INFO 14104 --- [main] w.s.c.ServletWebServerApplicationContext : Root WebApplicationContext: initialization completed in 1566 ms
2021-03-28 22:10:56.918  INFO 14104 --- [main] com.zaxxer.hikari.HikariDataSource       : HikariPool-1 - Starting...
2021-03-28 22:10:57.072  INFO 14104 --- [main] com.zaxxer.hikari.HikariDataSource       : HikariPool-1 - Start completed.
2021-03-28 22:10:57.076  INFO 14104 --- [main] o.s.b.a.h2.H2ConsoleAutoConfiguration    : H2 console available at '/h2-console'. Database available at 'jdbc:h2:mem:h2db'
2021-03-28 22:10:57.254  INFO 14104 --- [main] o.hibernate.jpa.internal.util.LogHelper  : HHH000204: Processing PersistenceUnitInfo [name: default]
2021-03-28 22:10:57.284  INFO 14104 --- [main] org.hibernate.Version                    : HHH000412: Hibernate ORM core version 5.4.28.Final
2021-03-28 22:10:57.361  INFO 14104 --- [main] o.hibernate.annotations.common.Version   : HCANN000001: Hibernate Commons Annotations {5.1.2.Final}
2021-03-28 22:10:57.434  INFO 14104 --- [main] org.hibernate.dialect.Dialect            : HHH000400: Using dialect: org.hibernate.dialect.H2Dialect
2021-03-28 22:10:57.608  WARN 14104 --- [main] o.h.t.d.java.JavaTypeDescriptorRegistry  : HHH000481: Encountered Java type [class io.hari.demo.entity.MovieAttribute] for which we could not locate a JavaTypeDescriptor and which does not appear to implement equals and/or hashCode.  This can lead to significant performance problems when performing equality/dirty checking involving this Java type.  Consider registering a custom JavaTypeDescriptor or at least implementing equals/hashCode.
2021-03-28 22:10:57.613  WARN 14104 --- [main] o.h.t.d.java.JavaTypeDescriptorRegistry  : HHH000481: Encountered Java type [class io.hari.demo.entity.WeekDay] for which we could not locate a JavaTypeDescriptor and which does not appear to implement equals and/or hashCode.  This can lead to significant performance problems when performing equality/dirty checking involving this Java type.  Consider registering a custom JavaTypeDescriptor or at least implementing equals/hashCode.
2021-03-28 22:10:58.231  INFO 14104 --- [main] o.h.e.t.j.p.i.JtaPlatformInitiator       : HHH000490: Using JtaPlatform implementation: [org.hibernate.engine.transaction.jta.platform.internal.NoJtaPlatform]
2021-03-28 22:10:58.243  INFO 14104 --- [main] j.LocalContainerEntityManagerFactoryBean : Initialized JPA EntityManagerFactory for persistence unit 'default'
2021-03-28 22:10:59.145  WARN 14104 --- [main] JpaBaseConfiguration$JpaWebConfiguration : spring.jpa.open-in-view is enabled by default. Therefore, database queries may be performed during view rendering. Explicitly configure spring.jpa.open-in-view to disable this warning
2021-03-28 22:10:59.667  INFO 14104 --- [main] o.s.s.concurrent.ThreadPoolTaskExecutor  : Initializing ExecutorService 'applicationTaskExecutor'
2021-03-28 22:11:00.160  INFO 14104 --- [main] org.quartz.impl.StdSchedulerFactory      : Using default implementation for ThreadExecutor
2021-03-28 22:11:00.168  INFO 14104 --- [main] org.quartz.core.SchedulerSignalerImpl    : Initialized Scheduler Signaller of type: class org.quartz.core.SchedulerSignalerImpl
2021-03-28 22:11:00.168  INFO 14104 --- [main] org.quartz.core.QuartzScheduler          : Quartz Scheduler v.2.3.2 created.
2021-03-28 22:11:00.313  INFO 14104 --- [main] org.quartz.simpl.RAMJobStore             : RAMJobStore initialized.
2021-03-28 22:11:00.314  INFO 14104 --- [main] org.quartz.core.QuartzScheduler          : Scheduler meta-data: Quartz Scheduler (v2.3.2) 'quartzScheduler' with instanceId 'NON_CLUSTERED'
  Scheduler class: 'org.quartz.core.QuartzScheduler' - running locally.
  NOT STARTED.
  Currently in standby mode.
  Number of jobs executed: 0
  Using thread pool 'org.quartz.simpl.SimpleThreadPool' - with 10 threads.
  Using job-store 'org.quartz.simpl.RAMJobStore' - which does not support persistence. and is not clustered.

2021-03-28 22:11:00.314  INFO 14104 --- [main] org.quartz.impl.StdSchedulerFactory      : Quartz scheduler 'quartzScheduler' initialized from an externally provided properties instance.
2021-03-28 22:11:00.314  INFO 14104 --- [main] org.quartz.impl.StdSchedulerFactory      : Quartz scheduler version: 2.3.2
2021-03-28 22:11:00.314  INFO 14104 --- [main] org.quartz.core.QuartzScheduler          : JobFactory set to: org.springframework.scheduling.quartz.SpringBeanJobFactory@53ba25ff
2021-03-28 22:11:00.332  INFO 14104 --- [main] o.s.s.c.ThreadPoolTaskScheduler          : Initializing ExecutorService 'taskScheduler'
2021-03-28 22:11:00.385  INFO 14104 --- [main] o.s.b.w.embedded.tomcat.TomcatWebServer  : Tomcat started on port(s): 8080 (http) with context path ''
2021-03-28 22:11:00.386  INFO 14104 --- [main] o.s.s.quartz.SchedulerFactoryBean        : Starting Quartz Scheduler now
2021-03-28 22:11:00.387  INFO 14104 --- [main] org.quartz.core.QuartzScheduler          : Scheduler quartzScheduler_$_NON_CLUSTERED started.
2021-03-28 22:11:00.400  INFO 14104 --- [main] io.hari.demo.DemoApplication             : Started DemoApplication in 5.766 seconds (JVM running for 6.44)
2021-03-28 22:11:00.738  INFO 14104 --- [main] io.hari.demo.service.UserService         : showId = 1, seats = [Seat(super=BaseEntity(id=1), seatType=gold), Seat(super=BaseEntity(id=2), seatType=silver), Seat(super=BaseEntity(id=3), seatType=gold)]
2021-03-28 22:11:00.741  INFO 14104 --- [main] io.hari.demo.service.UserService         : available = [SeatLock(super=BaseEntity(id=1), showId=1, seatId=1, lockStatus=available, lockedTime=null, timeoutInSec=300, timeOutDuration=PT1M40S), SeatLock(super=BaseEntity(id=2), showId=1, seatId=2, lockStatus=available, lockedTime=null, timeoutInSec=300, timeOutDuration=PT1M40S), SeatLock(super=BaseEntity(id=3), showId=1, seatId=3, lockStatus=available, lockedTime=null, timeoutInSec=300, timeOutDuration=PT1M40S)]
2021-03-28 22:11:45.875  INFO 10524 --- [main] io.hari.demo.DemoApplication             : Starting DemoApplication using Java 1.8.0_281 on MSI with PID 10524 (C:\Users\Hariom Yadav\Desktop\demo\book-my-show\target\classes started by Hariom Yadav in C:\Users\Hariom Yadav\Desktop\demo\book-my-show)
2021-03-28 22:11:45.878  INFO 10524 --- [main] io.hari.demo.DemoApplication             : The following profiles are active: dev
2021-03-28 22:11:46.582  INFO 10524 --- [main] .s.d.r.c.RepositoryConfigurationDelegate : Bootstrapping Spring Data JPA repositories in DEFAULT mode.
2021-03-28 22:11:46.652  INFO 10524 --- [main] .s.d.r.c.RepositoryConfigurationDelegate : Finished Spring Data repository scanning in 63 ms. Found 8 JPA repository interfaces.
2021-03-28 22:11:47.098  INFO 10524 --- [main] o.s.b.w.embedded.tomcat.TomcatWebServer  : Tomcat initialized with port(s): 8080 (http)
2021-03-28 22:11:47.105  INFO 10524 --- [main] o.apache.catalina.core.StandardService   : Starting service [Tomcat]
2021-03-28 22:11:47.106  INFO 10524 --- [main] org.apache.catalina.core.StandardEngine  : Starting Servlet engine: [Apache Tomcat/9.0.43]
2021-03-28 22:11:47.269  INFO 10524 --- [main] o.a.c.c.C.[Tomcat].[localhost].[/]       : Initializing Spring embedded WebApplicationContext
2021-03-28 22:11:47.270  INFO 10524 --- [main] w.s.c.ServletWebServerApplicationContext : Root WebApplicationContext: initialization completed in 1343 ms
2021-03-28 22:11:47.315  INFO 10524 --- [main] com.zaxxer.hikari.HikariDataSource       : HikariPool-1 - Starting...
2021-03-28 22:11:47.442  INFO 10524 --- [main] com.zaxxer.hikari.HikariDataSource       : HikariPool-1 - Start completed.
2021-03-28 22:11:47.446  INFO 10524 --- [main] o.s.b.a.h2.H2ConsoleAutoConfiguration    : H2 console available at '/h2-console'. Database available at 'jdbc:h2:mem:h2db'
2021-03-28 22:11:47.616  INFO 10524 --- [main] o.hibernate.jpa.internal.util.LogHelper  : HHH000204: Processing PersistenceUnitInfo [name: default]
2021-03-28 22:11:47.644  INFO 10524 --- [main] org.hibernate.Version                    : HHH000412: Hibernate ORM core version 5.4.28.Final
2021-03-28 22:11:47.724  INFO 10524 --- [main] o.hibernate.annotations.common.Version   : HCANN000001: Hibernate Commons Annotations {5.1.2.Final}
2021-03-28 22:11:47.800  INFO 10524 --- [main] org.hibernate.dialect.Dialect            : HHH000400: Using dialect: org.hibernate.dialect.H2Dialect
2021-03-28 22:11:47.932  WARN 10524 --- [main] o.h.t.d.java.JavaTypeDescriptorRegistry  : HHH000481: Encountered Java type [class io.hari.demo.entity.MovieAttribute] for which we could not locate a JavaTypeDescriptor and which does not appear to implement equals and/or hashCode.  This can lead to significant performance problems when performing equality/dirty checking involving this Java type.  Consider registering a custom JavaTypeDescriptor or at least implementing equals/hashCode.
2021-03-28 22:11:47.936  WARN 10524 --- [main] o.h.t.d.java.JavaTypeDescriptorRegistry  : HHH000481: Encountered Java type [class io.hari.demo.entity.WeekDay] for which we could not locate a JavaTypeDescriptor and which does not appear to implement equals and/or hashCode.  This can lead to significant performance problems when performing equality/dirty checking involving this Java type.  Consider registering a custom JavaTypeDescriptor or at least implementing equals/hashCode.
2021-03-28 22:11:48.487  INFO 10524 --- [main] o.h.e.t.j.p.i.JtaPlatformInitiator       : HHH000490: Using JtaPlatform implementation: [org.hibernate.engine.transaction.jta.platform.internal.NoJtaPlatform]
2021-03-28 22:11:48.502  INFO 10524 --- [main] j.LocalContainerEntityManagerFactoryBean : Initialized JPA EntityManagerFactory for persistence unit 'default'
2021-03-28 22:11:49.115  WARN 10524 --- [main] JpaBaseConfiguration$JpaWebConfiguration : spring.jpa.open-in-view is enabled by default. Therefore, database queries may be performed during view rendering. Explicitly configure spring.jpa.open-in-view to disable this warning
2021-03-28 22:11:49.384  INFO 10524 --- [main] o.s.s.concurrent.ThreadPoolTaskExecutor  : Initializing ExecutorService 'applicationTaskExecutor'
2021-03-28 22:11:49.790  INFO 10524 --- [main] org.quartz.impl.StdSchedulerFactory      : Using default implementation for ThreadExecutor
2021-03-28 22:11:49.797  INFO 10524 --- [main] org.quartz.core.SchedulerSignalerImpl    : Initialized Scheduler Signaller of type: class org.quartz.core.SchedulerSignalerImpl
2021-03-28 22:11:49.797  INFO 10524 --- [main] org.quartz.core.QuartzScheduler          : Quartz Scheduler v.2.3.2 created.
2021-03-28 22:11:49.798  INFO 10524 --- [main] org.quartz.simpl.RAMJobStore             : RAMJobStore initialized.
2021-03-28 22:11:49.798  INFO 10524 --- [main] org.quartz.core.QuartzScheduler          : Scheduler meta-data: Quartz Scheduler (v2.3.2) 'quartzScheduler' with instanceId 'NON_CLUSTERED'
  Scheduler class: 'org.quartz.core.QuartzScheduler' - running locally.
  NOT STARTED.
  Currently in standby mode.
  Number of jobs executed: 0
  Using thread pool 'org.quartz.simpl.SimpleThreadPool' - with 10 threads.
  Using job-store 'org.quartz.simpl.RAMJobStore' - which does not support persistence. and is not clustered.

2021-03-28 22:11:49.798  INFO 10524 --- [main] org.quartz.impl.StdSchedulerFactory      : Quartz scheduler 'quartzScheduler' initialized from an externally provided properties instance.
2021-03-28 22:11:49.798  INFO 10524 --- [main] org.quartz.impl.StdSchedulerFactory      : Quartz scheduler version: 2.3.2
2021-03-28 22:11:49.798  INFO 10524 --- [main] org.quartz.core.QuartzScheduler          : JobFactory set to: org.springframework.scheduling.quartz.SpringBeanJobFactory@edbc2bf
2021-03-28 22:11:49.974  INFO 10524 --- [main] o.s.s.c.ThreadPoolTaskScheduler          : Initializing ExecutorService 'taskScheduler'
2021-03-28 22:11:50.013  INFO 10524 --- [main] o.s.b.w.embedded.tomcat.TomcatWebServer  : Tomcat started on port(s): 8080 (http) with context path ''
2021-03-28 22:11:50.014  INFO 10524 --- [main] o.s.s.quartz.SchedulerFactoryBean        : Starting Quartz Scheduler now
2021-03-28 22:11:50.014  INFO 10524 --- [main] org.quartz.core.QuartzScheduler          : Scheduler quartzScheduler_$_NON_CLUSTERED started.
2021-03-28 22:11:50.027  INFO 10524 --- [main] io.hari.demo.DemoApplication             : Started DemoApplication in 4.515 seconds (JVM running for 5.117)
2021-03-28 22:11:50.424  INFO 10524 --- [main] io.hari.demo.service.UserService         : showId = 1, requestedSeats = [Seat(super=BaseEntity(id=1), seatType=gold), Seat(super=BaseEntity(id=2), seatType=silver), Seat(super=BaseEntity(id=3), seatType=gold)]
2021-03-28 22:11:50.429  INFO 10524 --- [main] io.hari.demo.service.UserService         : actualAvailableSeats = [SeatLock(super=BaseEntity(id=1), showId=1, seatId=1, lockStatus=available, lockedTime=null, timeoutInSec=300, timeOutDuration=PT1M40S), SeatLock(super=BaseEntity(id=2), showId=1, seatId=2, lockStatus=available, lockedTime=null, timeoutInSec=300, timeOutDuration=PT1M40S), SeatLock(super=BaseEntity(id=3), showId=1, seatId=3, lockStatus=available, lockedTime=null, timeoutInSec=300, timeOutDuration=PT1M40S)]
2021-03-28 22:12:18.597  INFO 9104 --- [main] io.hari.demo.DemoApplication             : Starting DemoApplication using Java 1.8.0_281 on MSI with PID 9104 (C:\Users\Hariom Yadav\Desktop\demo\book-my-show\target\classes started by Hariom Yadav in C:\Users\Hariom Yadav\Desktop\demo\book-my-show)
2021-03-28 22:12:18.599  INFO 9104 --- [main] io.hari.demo.DemoApplication             : The following profiles are active: dev
2021-03-28 22:12:19.335  INFO 9104 --- [main] .s.d.r.c.RepositoryConfigurationDelegate : Bootstrapping Spring Data JPA repositories in DEFAULT mode.
2021-03-28 22:12:19.413  INFO 9104 --- [main] .s.d.r.c.RepositoryConfigurationDelegate : Finished Spring Data repository scanning in 70 ms. Found 8 JPA repository interfaces.
2021-03-28 22:12:20.263  INFO 9104 --- [main] o.s.b.w.embedded.tomcat.TomcatWebServer  : Tomcat initialized with port(s): 8080 (http)
2021-03-28 22:12:20.270  INFO 9104 --- [main] o.apache.catalina.core.StandardService   : Starting service [Tomcat]
2021-03-28 22:12:20.271  INFO 9104 --- [main] org.apache.catalina.core.StandardEngine  : Starting Servlet engine: [Apache Tomcat/9.0.43]
2021-03-28 22:12:20.353  INFO 9104 --- [main] o.a.c.c.C.[Tomcat].[localhost].[/]       : Initializing Spring embedded WebApplicationContext
2021-03-28 22:12:20.353  INFO 9104 --- [main] w.s.c.ServletWebServerApplicationContext : Root WebApplicationContext: initialization completed in 1708 ms
2021-03-28 22:12:20.400  INFO 9104 --- [main] com.zaxxer.hikari.HikariDataSource       : HikariPool-1 - Starting...
2021-03-28 22:12:20.475  INFO 9104 --- [main] com.zaxxer.hikari.HikariDataSource       : HikariPool-1 - Start completed.
2021-03-28 22:12:20.479  INFO 9104 --- [main] o.s.b.a.h2.H2ConsoleAutoConfiguration    : H2 console available at '/h2-console'. Database available at 'jdbc:h2:mem:h2db'
2021-03-28 22:12:20.784  INFO 9104 --- [main] o.hibernate.jpa.internal.util.LogHelper  : HHH000204: Processing PersistenceUnitInfo [name: default]
2021-03-28 22:12:20.845  INFO 9104 --- [main] org.hibernate.Version                    : HHH000412: Hibernate ORM core version 5.4.28.Final
2021-03-28 22:12:20.969  INFO 9104 --- [main] o.hibernate.annotations.common.Version   : HCANN000001: Hibernate Commons Annotations {5.1.2.Final}
2021-03-28 22:12:21.061  INFO 9104 --- [main] org.hibernate.dialect.Dialect            : HHH000400: Using dialect: org.hibernate.dialect.H2Dialect
2021-03-28 22:12:21.203  WARN 9104 --- [main] o.h.t.d.java.JavaTypeDescriptorRegistry  : HHH000481: Encountered Java type [class io.hari.demo.entity.MovieAttribute] for which we could not locate a JavaTypeDescriptor and which does not appear to implement equals and/or hashCode.  This can lead to significant performance problems when performing equality/dirty checking involving this Java type.  Consider registering a custom JavaTypeDescriptor or at least implementing equals/hashCode.
2021-03-28 22:12:21.208  WARN 9104 --- [main] o.h.t.d.java.JavaTypeDescriptorRegistry  : HHH000481: Encountered Java type [class io.hari.demo.entity.WeekDay] for which we could not locate a JavaTypeDescriptor and which does not appear to implement equals and/or hashCode.  This can lead to significant performance problems when performing equality/dirty checking involving this Java type.  Consider registering a custom JavaTypeDescriptor or at least implementing equals/hashCode.
2021-03-28 22:12:21.689  INFO 9104 --- [main] o.h.e.t.j.p.i.JtaPlatformInitiator       : HHH000490: Using JtaPlatform implementation: [org.hibernate.engine.transaction.jta.platform.internal.NoJtaPlatform]
2021-03-28 22:12:21.696  INFO 9104 --- [main] j.LocalContainerEntityManagerFactoryBean : Initialized JPA EntityManagerFactory for persistence unit 'default'
2021-03-28 22:12:22.303  WARN 9104 --- [main] JpaBaseConfiguration$JpaWebConfiguration : spring.jpa.open-in-view is enabled by default. Therefore, database queries may be performed during view rendering. Explicitly configure spring.jpa.open-in-view to disable this warning
2021-03-28 22:12:22.587  INFO 9104 --- [main] o.s.s.concurrent.ThreadPoolTaskExecutor  : Initializing ExecutorService 'applicationTaskExecutor'
2021-03-28 22:12:23.020  INFO 9104 --- [main] org.quartz.impl.StdSchedulerFactory      : Using default implementation for ThreadExecutor
2021-03-28 22:12:23.031  INFO 9104 --- [main] org.quartz.core.SchedulerSignalerImpl    : Initialized Scheduler Signaller of type: class org.quartz.core.SchedulerSignalerImpl
2021-03-28 22:12:23.031  INFO 9104 --- [main] org.quartz.core.QuartzScheduler          : Quartz Scheduler v.2.3.2 created.
2021-03-28 22:12:23.032  INFO 9104 --- [main] org.quartz.simpl.RAMJobStore             : RAMJobStore initialized.
2021-03-28 22:12:23.033  INFO 9104 --- [main] org.quartz.core.QuartzScheduler          : Scheduler meta-data: Quartz Scheduler (v2.3.2) 'quartzScheduler' with instanceId 'NON_CLUSTERED'
  Scheduler class: 'org.quartz.core.QuartzScheduler' - running locally.
  NOT STARTED.
  Currently in standby mode.
  Number of jobs executed: 0
  Using thread pool 'org.quartz.simpl.SimpleThreadPool' - with 10 threads.
  Using job-store 'org.quartz.simpl.RAMJobStore' - which does not support persistence. and is not clustered.

2021-03-28 22:12:23.033  INFO 9104 --- [main] org.quartz.impl.StdSchedulerFactory      : Quartz scheduler 'quartzScheduler' initialized from an externally provided properties instance.
2021-03-28 22:12:23.033  INFO 9104 --- [main] org.quartz.impl.StdSchedulerFactory      : Quartz scheduler version: 2.3.2
2021-03-28 22:12:23.033  INFO 9104 --- [main] org.quartz.core.QuartzScheduler          : JobFactory set to: org.springframework.scheduling.quartz.SpringBeanJobFactory@4491eaeb
2021-03-28 22:12:23.048  INFO 9104 --- [main] o.s.s.c.ThreadPoolTaskScheduler          : Initializing ExecutorService 'taskScheduler'
2021-03-28 22:12:23.087  INFO 9104 --- [main] o.s.b.w.embedded.tomcat.TomcatWebServer  : Tomcat started on port(s): 8080 (http) with context path ''
2021-03-28 22:12:23.088  INFO 9104 --- [main] o.s.s.quartz.SchedulerFactoryBean        : Starting Quartz Scheduler now
2021-03-28 22:12:23.088  INFO 9104 --- [main] org.quartz.core.QuartzScheduler          : Scheduler quartzScheduler_$_NON_CLUSTERED started.
2021-03-28 22:12:23.096  INFO 9104 --- [main] io.hari.demo.DemoApplication             : Started DemoApplication in 4.895 seconds (JVM running for 5.598)
2021-03-28 22:12:23.512  INFO 9104 --- [main] io.hari.demo.service.UserService         : showId = 1, requestedSeats = [Seat(super=BaseEntity(id=1), seatType=gold), Seat(super=BaseEntity(id=2), seatType=silver), Seat(super=BaseEntity(id=3), seatType=gold)]
2021-03-28 22:12:23.517  INFO 9104 --- [main] io.hari.demo.service.UserService         : actualAvailableSeats = [SeatLock(super=BaseEntity(id=1), showId=1, seatId=1, lockStatus=available, lockedTime=null, timeoutInSec=300, timeOutDuration=PT1M40S), SeatLock(super=BaseEntity(id=2), showId=1, seatId=2, lockStatus=available, lockedTime=null, timeoutInSec=300, timeOutDuration=PT1M40S), SeatLock(super=BaseEntity(id=3), showId=1, seatId=3, lockStatus=available, lockedTime=null, timeoutInSec=300, timeOutDuration=PT1M40S)]
2021-03-28 22:12:58.367  INFO 12464 --- [main] io.hari.demo.DemoApplication             : Starting DemoApplication using Java 1.8.0_281 on MSI with PID 12464 (C:\Users\Hariom Yadav\Desktop\demo\book-my-show\target\classes started by Hariom Yadav in C:\Users\Hariom Yadav\Desktop\demo\book-my-show)
2021-03-28 22:12:58.369  INFO 12464 --- [main] io.hari.demo.DemoApplication             : The following profiles are active: dev
2021-03-28 22:12:59.001  INFO 12464 --- [main] .s.d.r.c.RepositoryConfigurationDelegate : Bootstrapping Spring Data JPA repositories in DEFAULT mode.
2021-03-28 22:12:59.059  INFO 12464 --- [main] .s.d.r.c.RepositoryConfigurationDelegate : Finished Spring Data repository scanning in 51 ms. Found 8 JPA repository interfaces.
2021-03-28 22:12:59.665  INFO 12464 --- [main] o.s.b.w.embedded.tomcat.TomcatWebServer  : Tomcat initialized with port(s): 8080 (http)
2021-03-28 22:12:59.671  INFO 12464 --- [main] o.apache.catalina.core.StandardService   : Starting service [Tomcat]
2021-03-28 22:12:59.672  INFO 12464 --- [main] org.apache.catalina.core.StandardEngine  : Starting Servlet engine: [Apache Tomcat/9.0.43]
2021-03-28 22:12:59.776  INFO 12464 --- [main] o.a.c.c.C.[Tomcat].[localhost].[/]       : Initializing Spring embedded WebApplicationContext
2021-03-28 22:12:59.776  INFO 12464 --- [main] w.s.c.ServletWebServerApplicationContext : Root WebApplicationContext: initialization completed in 1362 ms
2021-03-28 22:12:59.824  INFO 12464 --- [main] com.zaxxer.hikari.HikariDataSource       : HikariPool-1 - Starting...
2021-03-28 22:12:59.956  INFO 12464 --- [main] com.zaxxer.hikari.HikariDataSource       : HikariPool-1 - Start completed.
2021-03-28 22:12:59.960  INFO 12464 --- [main] o.s.b.a.h2.H2ConsoleAutoConfiguration    : H2 console available at '/h2-console'. Database available at 'jdbc:h2:mem:h2db'
2021-03-28 22:13:00.137  INFO 12464 --- [main] o.hibernate.jpa.internal.util.LogHelper  : HHH000204: Processing PersistenceUnitInfo [name: default]
2021-03-28 22:13:00.167  INFO 12464 --- [main] org.hibernate.Version                    : HHH000412: Hibernate ORM core version 5.4.28.Final
2021-03-28 22:13:00.246  INFO 12464 --- [main] o.hibernate.annotations.common.Version   : HCANN000001: Hibernate Commons Annotations {5.1.2.Final}
2021-03-28 22:13:00.317  INFO 12464 --- [main] org.hibernate.dialect.Dialect            : HHH000400: Using dialect: org.hibernate.dialect.H2Dialect
2021-03-28 22:13:00.477  WARN 12464 --- [main] o.h.t.d.java.JavaTypeDescriptorRegistry  : HHH000481: Encountered Java type [class io.hari.demo.entity.MovieAttribute] for which we could not locate a JavaTypeDescriptor and which does not appear to implement equals and/or hashCode.  This can lead to significant performance problems when performing equality/dirty checking involving this Java type.  Consider registering a custom JavaTypeDescriptor or at least implementing equals/hashCode.
2021-03-28 22:13:00.486  WARN 12464 --- [main] o.h.t.d.java.JavaTypeDescriptorRegistry  : HHH000481: Encountered Java type [class io.hari.demo.entity.WeekDay] for which we could not locate a JavaTypeDescriptor and which does not appear to implement equals and/or hashCode.  This can lead to significant performance problems when performing equality/dirty checking involving this Java type.  Consider registering a custom JavaTypeDescriptor or at least implementing equals/hashCode.
2021-03-28 22:13:00.888  INFO 12464 --- [main] o.h.e.t.j.p.i.JtaPlatformInitiator       : HHH000490: Using JtaPlatform implementation: [org.hibernate.engine.transaction.jta.platform.internal.NoJtaPlatform]
2021-03-28 22:13:00.895  INFO 12464 --- [main] j.LocalContainerEntityManagerFactoryBean : Initialized JPA EntityManagerFactory for persistence unit 'default'
2021-03-28 22:13:01.444  WARN 12464 --- [main] JpaBaseConfiguration$JpaWebConfiguration : spring.jpa.open-in-view is enabled by default. Therefore, database queries may be performed during view rendering. Explicitly configure spring.jpa.open-in-view to disable this warning
2021-03-28 22:13:01.780  INFO 12464 --- [main] o.s.s.concurrent.ThreadPoolTaskExecutor  : Initializing ExecutorService 'applicationTaskExecutor'
2021-03-28 22:13:02.283  INFO 12464 --- [main] org.quartz.impl.StdSchedulerFactory      : Using default implementation for ThreadExecutor
2021-03-28 22:13:02.290  INFO 12464 --- [main] org.quartz.core.SchedulerSignalerImpl    : Initialized Scheduler Signaller of type: class org.quartz.core.SchedulerSignalerImpl
2021-03-28 22:13:02.290  INFO 12464 --- [main] org.quartz.core.QuartzScheduler          : Quartz Scheduler v.2.3.2 created.
2021-03-28 22:13:02.291  INFO 12464 --- [main] org.quartz.simpl.RAMJobStore             : RAMJobStore initialized.
2021-03-28 22:13:02.291  INFO 12464 --- [main] org.quartz.core.QuartzScheduler          : Scheduler meta-data: Quartz Scheduler (v2.3.2) 'quartzScheduler' with instanceId 'NON_CLUSTERED'
  Scheduler class: 'org.quartz.core.QuartzScheduler' - running locally.
  NOT STARTED.
  Currently in standby mode.
  Number of jobs executed: 0
  Using thread pool 'org.quartz.simpl.SimpleThreadPool' - with 10 threads.
  Using job-store 'org.quartz.simpl.RAMJobStore' - which does not support persistence. and is not clustered.

2021-03-28 22:13:02.291  INFO 12464 --- [main] org.quartz.impl.StdSchedulerFactory      : Quartz scheduler 'quartzScheduler' initialized from an externally provided properties instance.
2021-03-28 22:13:02.291  INFO 12464 --- [main] org.quartz.impl.StdSchedulerFactory      : Quartz scheduler version: 2.3.2
2021-03-28 22:13:02.291  INFO 12464 --- [main] org.quartz.core.QuartzScheduler          : JobFactory set to: org.springframework.scheduling.quartz.SpringBeanJobFactory@48ee3c2d
2021-03-28 22:13:02.306  INFO 12464 --- [main] o.s.s.c.ThreadPoolTaskScheduler          : Initializing ExecutorService 'taskScheduler'
2021-03-28 22:13:02.345  INFO 12464 --- [main] o.s.b.w.embedded.tomcat.TomcatWebServer  : Tomcat started on port(s): 8080 (http) with context path ''
2021-03-28 22:13:02.346  INFO 12464 --- [main] o.s.s.quartz.SchedulerFactoryBean        : Starting Quartz Scheduler now
2021-03-28 22:13:02.347  INFO 12464 --- [main] org.quartz.core.QuartzScheduler          : Scheduler quartzScheduler_$_NON_CLUSTERED started.
2021-03-28 22:13:02.355  INFO 12464 --- [main] io.hari.demo.DemoApplication             : Started DemoApplication in 4.334 seconds (JVM running for 4.91)
2021-03-28 22:13:02.693  INFO 12464 --- [main] io.hari.demo.service.UserService         : showId = 1, requestedSeats = [Seat(super=BaseEntity(id=1), seatType=gold), Seat(super=BaseEntity(id=2), seatType=silver), Seat(super=BaseEntity(id=3), seatType=gold)]
2021-03-28 22:13:02.700  INFO 12464 --- [main] io.hari.demo.service.UserService         : actualAvailableSeats = [SeatLock(super=BaseEntity(id=1), showId=1, seatId=1, lockStatus=available, lockedTime=null, timeoutInSec=300, timeOutDuration=PT1M40S), SeatLock(super=BaseEntity(id=2), showId=1, seatId=2, lockStatus=available, lockedTime=null, timeoutInSec=300, timeOutDuration=PT1M40S), SeatLock(super=BaseEntity(id=3), showId=1, seatId=3, lockStatus=available, lockedTime=null, timeoutInSec=300, timeOutDuration=PT1M40S)]
2021-03-28 22:13:56.512  INFO 12368 --- [main] io.hari.demo.DemoApplication             : Starting DemoApplication using Java 1.8.0_281 on MSI with PID 12368 (C:\Users\Hariom Yadav\Desktop\demo\book-my-show\target\classes started by Hariom Yadav in C:\Users\Hariom Yadav\Desktop\demo\book-my-show)
2021-03-28 22:13:56.514  INFO 12368 --- [main] io.hari.demo.DemoApplication             : The following profiles are active: dev
2021-03-28 22:13:57.155  INFO 12368 --- [main] .s.d.r.c.RepositoryConfigurationDelegate : Bootstrapping Spring Data JPA repositories in DEFAULT mode.
2021-03-28 22:13:57.215  INFO 12368 --- [main] .s.d.r.c.RepositoryConfigurationDelegate : Finished Spring Data repository scanning in 54 ms. Found 8 JPA repository interfaces.
2021-03-28 22:13:57.817  INFO 12368 --- [main] o.s.b.w.embedded.tomcat.TomcatWebServer  : Tomcat initialized with port(s): 8080 (http)
2021-03-28 22:13:57.825  INFO 12368 --- [main] o.apache.catalina.core.StandardService   : Starting service [Tomcat]
2021-03-28 22:13:57.826  INFO 12368 --- [main] org.apache.catalina.core.StandardEngine  : Starting Servlet engine: [Apache Tomcat/9.0.43]
2021-03-28 22:13:57.894  INFO 12368 --- [main] o.a.c.c.C.[Tomcat].[localhost].[/]       : Initializing Spring embedded WebApplicationContext
2021-03-28 22:13:57.895  INFO 12368 --- [main] w.s.c.ServletWebServerApplicationContext : Root WebApplicationContext: initialization completed in 1338 ms
2021-03-28 22:13:57.951  INFO 12368 --- [main] com.zaxxer.hikari.HikariDataSource       : HikariPool-1 - Starting...
2021-03-28 22:13:58.107  INFO 12368 --- [main] com.zaxxer.hikari.HikariDataSource       : HikariPool-1 - Start completed.
2021-03-28 22:13:58.112  INFO 12368 --- [main] o.s.b.a.h2.H2ConsoleAutoConfiguration    : H2 console available at '/h2-console'. Database available at 'jdbc:h2:mem:h2db'
2021-03-28 22:13:58.289  INFO 12368 --- [main] o.hibernate.jpa.internal.util.LogHelper  : HHH000204: Processing PersistenceUnitInfo [name: default]
2021-03-28 22:13:58.318  INFO 12368 --- [main] org.hibernate.Version                    : HHH000412: Hibernate ORM core version 5.4.28.Final
2021-03-28 22:13:58.396  INFO 12368 --- [main] o.hibernate.annotations.common.Version   : HCANN000001: Hibernate Commons Annotations {5.1.2.Final}
2021-03-28 22:13:58.470  INFO 12368 --- [main] org.hibernate.dialect.Dialect            : HHH000400: Using dialect: org.hibernate.dialect.H2Dialect
2021-03-28 22:13:58.616  WARN 12368 --- [main] o.h.t.d.java.JavaTypeDescriptorRegistry  : HHH000481: Encountered Java type [class io.hari.demo.entity.MovieAttribute] for which we could not locate a JavaTypeDescriptor and which does not appear to implement equals and/or hashCode.  This can lead to significant performance problems when performing equality/dirty checking involving this Java type.  Consider registering a custom JavaTypeDescriptor or at least implementing equals/hashCode.
2021-03-28 22:13:58.628  WARN 12368 --- [main] o.h.t.d.java.JavaTypeDescriptorRegistry  : HHH000481: Encountered Java type [class io.hari.demo.entity.WeekDay] for which we could not locate a JavaTypeDescriptor and which does not appear to implement equals and/or hashCode.  This can lead to significant performance problems when performing equality/dirty checking involving this Java type.  Consider registering a custom JavaTypeDescriptor or at least implementing equals/hashCode.
2021-03-28 22:13:59.072  INFO 12368 --- [main] o.h.e.t.j.p.i.JtaPlatformInitiator       : HHH000490: Using JtaPlatform implementation: [org.hibernate.engine.transaction.jta.platform.internal.NoJtaPlatform]
2021-03-28 22:13:59.078  INFO 12368 --- [main] j.LocalContainerEntityManagerFactoryBean : Initialized JPA EntityManagerFactory for persistence unit 'default'
2021-03-28 22:13:59.670  WARN 12368 --- [main] JpaBaseConfiguration$JpaWebConfiguration : spring.jpa.open-in-view is enabled by default. Therefore, database queries may be performed during view rendering. Explicitly configure spring.jpa.open-in-view to disable this warning
2021-03-28 22:13:59.953  INFO 12368 --- [main] o.s.s.concurrent.ThreadPoolTaskExecutor  : Initializing ExecutorService 'applicationTaskExecutor'
2021-03-28 22:14:00.487  INFO 12368 --- [main] org.quartz.impl.StdSchedulerFactory      : Using default implementation for ThreadExecutor
2021-03-28 22:14:00.494  INFO 12368 --- [main] org.quartz.core.SchedulerSignalerImpl    : Initialized Scheduler Signaller of type: class org.quartz.core.SchedulerSignalerImpl
2021-03-28 22:14:00.494  INFO 12368 --- [main] org.quartz.core.QuartzScheduler          : Quartz Scheduler v.2.3.2 created.
2021-03-28 22:14:00.495  INFO 12368 --- [main] org.quartz.simpl.RAMJobStore             : RAMJobStore initialized.
2021-03-28 22:14:00.495  INFO 12368 --- [main] org.quartz.core.QuartzScheduler          : Scheduler meta-data: Quartz Scheduler (v2.3.2) 'quartzScheduler' with instanceId 'NON_CLUSTERED'
  Scheduler class: 'org.quartz.core.QuartzScheduler' - running locally.
  NOT STARTED.
  Currently in standby mode.
  Number of jobs executed: 0
  Using thread pool 'org.quartz.simpl.SimpleThreadPool' - with 10 threads.
  Using job-store 'org.quartz.simpl.RAMJobStore' - which does not support persistence. and is not clustered.

2021-03-28 22:14:00.496  INFO 12368 --- [main] org.quartz.impl.StdSchedulerFactory      : Quartz scheduler 'quartzScheduler' initialized from an externally provided properties instance.
2021-03-28 22:14:00.496  INFO 12368 --- [main] org.quartz.impl.StdSchedulerFactory      : Quartz scheduler version: 2.3.2
2021-03-28 22:14:00.496  INFO 12368 --- [main] org.quartz.core.QuartzScheduler          : JobFactory set to: org.springframework.scheduling.quartz.SpringBeanJobFactory@48ee3c2d
2021-03-28 22:14:00.510  INFO 12368 --- [main] o.s.s.c.ThreadPoolTaskScheduler          : Initializing ExecutorService 'taskScheduler'
2021-03-28 22:14:00.549  INFO 12368 --- [main] o.s.b.w.embedded.tomcat.TomcatWebServer  : Tomcat started on port(s): 8080 (http) with context path ''
2021-03-28 22:14:00.550  INFO 12368 --- [main] o.s.s.quartz.SchedulerFactoryBean        : Starting Quartz Scheduler now
2021-03-28 22:14:00.550  INFO 12368 --- [main] org.quartz.core.QuartzScheduler          : Scheduler quartzScheduler_$_NON_CLUSTERED started.
2021-03-28 22:14:00.558  INFO 12368 --- [main] io.hari.demo.DemoApplication             : Started DemoApplication in 4.385 seconds (JVM running for 4.953)
2021-03-28 22:14:00.878  INFO 12368 --- [main] io.hari.demo.service.UserService         : showId = 1, requestedSeats = [Seat(super=BaseEntity(id=1), seatType=gold), Seat(super=BaseEntity(id=2), seatType=silver), Seat(super=BaseEntity(id=3), seatType=gold)]
2021-03-28 22:14:00.883  INFO 12368 --- [main] io.hari.demo.service.UserService         : actualAvailableSeats = [SeatLock(super=BaseEntity(id=1), showId=1, seatId=1, lockStatus=available, lockedTime=null, timeoutInSec=300, timeOutDuration=PT1M40S), SeatLock(super=BaseEntity(id=2), showId=1, seatId=2, lockStatus=available, lockedTime=null, timeoutInSec=300, timeOutDuration=PT1M40S), SeatLock(super=BaseEntity(id=3), showId=1, seatId=3, lockStatus=available, lockedTime=null, timeoutInSec=300, timeOutDuration=PT1M40S)]
